

Started GET "/assets/rails.png" for 127.0.0.1 at 2012-11-06 12:09:40 -0700
Connecting to database specified by database.yml
Served asset /rails.png - 200 OK (9ms)


Started GET "/home" for 127.0.0.1 at 2012-11-06 12:09:55 -0700

ActionController::RoutingError (No route matches [GET] "/home"):
  actionpack (3.2.8) lib/action_dispatch/middleware/debug_exceptions.rb:21:in `call'
  actionpack (3.2.8) lib/action_dispatch/middleware/show_exceptions.rb:56:in `call'
  railties (3.2.8) lib/rails/rack/logger.rb:26:in `call_app'
  railties (3.2.8) lib/rails/rack/logger.rb:16:in `call'
  actionpack (3.2.8) lib/action_dispatch/middleware/request_id.rb:22:in `call'
  rack (1.4.1) lib/rack/methodoverride.rb:21:in `call'
  rack (1.4.1) lib/rack/runtime.rb:17:in `call'
  activesupport (3.2.8) lib/active_support/cache/strategy/local_cache.rb:72:in `call'
  rack (1.4.1) lib/rack/lock.rb:15:in `call'
  actionpack (3.2.8) lib/action_dispatch/middleware/static.rb:62:in `call'
  railties (3.2.8) lib/rails/engine.rb:479:in `call'
  railties (3.2.8) lib/rails/application.rb:223:in `call'
  rack (1.4.1) lib/rack/content_length.rb:14:in `call'
  railties (3.2.8) lib/rails/rack/log_tailer.rb:17:in `call'
  rack (1.4.1) lib/rack/handler/webrick.rb:59:in `service'
  /home/chopan/.rvm/rubies/ruby-1.9.3-p125/lib/ruby/1.9.1/webrick/httpserver.rb:138:in `service'
  /home/chopan/.rvm/rubies/ruby-1.9.3-p125/lib/ruby/1.9.1/webrick/httpserver.rb:94:in `run'
  /home/chopan/.rvm/rubies/ruby-1.9.3-p125/lib/ruby/1.9.1/webrick/server.rb:191:in `block in start_thread'


  Rendered /home/chopan/.rvm/gems/ruby-1.9.3-p125/gems/actionpack-3.2.8/lib/action_dispatch/middleware/templates/rescues/routing_error.erb within rescues/layout (27.4ms)


Started GET "/index" for 127.0.0.1 at 2012-11-06 12:10:26 -0700

ActionController::RoutingError (No route matches [GET] "/index"):
  actionpack (3.2.8) lib/action_dispatch/middleware/debug_exceptions.rb:21:in `call'
  actionpack (3.2.8) lib/action_dispatch/middleware/show_exceptions.rb:56:in `call'
  railties (3.2.8) lib/rails/rack/logger.rb:26:in `call_app'
  railties (3.2.8) lib/rails/rack/logger.rb:16:in `call'
  actionpack (3.2.8) lib/action_dispatch/middleware/request_id.rb:22:in `call'
  rack (1.4.1) lib/rack/methodoverride.rb:21:in `call'
  rack (1.4.1) lib/rack/runtime.rb:17:in `call'
  activesupport (3.2.8) lib/active_support/cache/strategy/local_cache.rb:72:in `call'
  rack (1.4.1) lib/rack/lock.rb:15:in `call'
  actionpack (3.2.8) lib/action_dispatch/middleware/static.rb:62:in `call'
  railties (3.2.8) lib/rails/engine.rb:479:in `call'
  railties (3.2.8) lib/rails/application.rb:223:in `call'
  rack (1.4.1) lib/rack/content_length.rb:14:in `call'
  railties (3.2.8) lib/rails/rack/log_tailer.rb:17:in `call'
  rack (1.4.1) lib/rack/handler/webrick.rb:59:in `service'
  /home/chopan/.rvm/rubies/ruby-1.9.3-p125/lib/ruby/1.9.1/webrick/httpserver.rb:138:in `service'
  /home/chopan/.rvm/rubies/ruby-1.9.3-p125/lib/ruby/1.9.1/webrick/httpserver.rb:94:in `run'
  /home/chopan/.rvm/rubies/ruby-1.9.3-p125/lib/ruby/1.9.1/webrick/server.rb:191:in `block in start_thread'


  Rendered /home/chopan/.rvm/gems/ruby-1.9.3-p125/gems/actionpack-3.2.8/lib/action_dispatch/middleware/templates/rescues/routing_error.erb within rescues/layout (0.5ms)


Started GET "/" for 127.0.0.1 at 2012-11-06 12:10:29 -0700

ActionController::RoutingError (No route matches [GET] "/"):
  actionpack (3.2.8) lib/action_dispatch/middleware/debug_exceptions.rb:21:in `call'
  actionpack (3.2.8) lib/action_dispatch/middleware/show_exceptions.rb:56:in `call'
  railties (3.2.8) lib/rails/rack/logger.rb:26:in `call_app'
  railties (3.2.8) lib/rails/rack/logger.rb:16:in `call'
  actionpack (3.2.8) lib/action_dispatch/middleware/request_id.rb:22:in `call'
  rack (1.4.1) lib/rack/methodoverride.rb:21:in `call'
  rack (1.4.1) lib/rack/runtime.rb:17:in `call'
  activesupport (3.2.8) lib/active_support/cache/strategy/local_cache.rb:72:in `call'
  rack (1.4.1) lib/rack/lock.rb:15:in `call'
  actionpack (3.2.8) lib/action_dispatch/middleware/static.rb:62:in `call'
  railties (3.2.8) lib/rails/engine.rb:479:in `call'
  railties (3.2.8) lib/rails/application.rb:223:in `call'
  rack (1.4.1) lib/rack/content_length.rb:14:in `call'
  railties (3.2.8) lib/rails/rack/log_tailer.rb:17:in `call'
  rack (1.4.1) lib/rack/handler/webrick.rb:59:in `service'
  /home/chopan/.rvm/rubies/ruby-1.9.3-p125/lib/ruby/1.9.1/webrick/httpserver.rb:138:in `service'
  /home/chopan/.rvm/rubies/ruby-1.9.3-p125/lib/ruby/1.9.1/webrick/httpserver.rb:94:in `run'
  /home/chopan/.rvm/rubies/ruby-1.9.3-p125/lib/ruby/1.9.1/webrick/server.rb:191:in `block in start_thread'


  Rendered /home/chopan/.rvm/gems/ruby-1.9.3-p125/gems/actionpack-3.2.8/lib/action_dispatch/middleware/templates/rescues/routing_error.erb within rescues/layout (0.7ms)


Started GET "/home/index" for 127.0.0.1 at 2012-11-06 12:11:13 -0700
Processing by HomeController#index as HTML
  Rendered home/index.html.erb within layouts/application (0.6ms)
Compiled home.css  (56ms)  (pid 19319)
Compiled application.css  (64ms)  (pid 19319)
Compiled jquery.js  (4ms)  (pid 19319)
Compiled jquery_ujs.js  (0ms)  (pid 19319)
Compiled home.js  (654ms)  (pid 19319)
Compiled application.js  (679ms)  (pid 19319)
Completed 200 OK in 821ms (Views: 820.2ms | ActiveRecord: 0.0ms)


Started GET "/assets/home.css?body=1" for 127.0.0.1 at 2012-11-06 12:11:14 -0700
Served asset /home.css - 200 OK (3ms)


Started GET "/assets/application.css?body=1" for 127.0.0.1 at 2012-11-06 12:11:14 -0700
Served asset /application.css - 200 OK (8ms)


Started GET "/assets/jquery_ujs.js?body=1" for 127.0.0.1 at 2012-11-06 12:11:14 -0700
Served asset /jquery_ujs.js - 200 OK (4ms)


Started GET "/assets/jquery.js?body=1" for 127.0.0.1 at 2012-11-06 12:11:14 -0700
Served asset /jquery.js - 200 OK (6ms)


Started GET "/assets/application.js?body=1" for 127.0.0.1 at 2012-11-06 12:11:14 -0700
Served asset /application.js - 200 OK (13ms)


Started GET "/assets/home.js?body=1" for 127.0.0.1 at 2012-11-06 12:11:14 -0700
Served asset /home.js - 200 OK (2ms)


Started GET "/" for 127.0.0.1 at 2012-11-06 12:11:55 -0700
Processing by HomeController#index as HTML
  Rendered home/index.html.erb within layouts/application (0.0ms)
Completed 200 OK in 5ms (Views: 4.5ms | ActiveRecord: 0.0ms)


Started GET "/assets/application.css?body=1" for 127.0.0.1 at 2012-11-06 12:11:55 -0700
Served asset /application.css - 304 Not Modified (1ms)


Started GET "/assets/jquery_ujs.js?body=1" for 127.0.0.1 at 2012-11-06 12:11:55 -0700
Served asset /jquery_ujs.js - 304 Not Modified (1ms)


Started GET "/assets/jquery.js?body=1" for 127.0.0.1 at 2012-11-06 12:11:55 -0700
Served asset /jquery.js - 304 Not Modified (2ms)


Started GET "/assets/home.css?body=1" for 127.0.0.1 at 2012-11-06 12:11:55 -0700
Served asset /home.css - 304 Not Modified (0ms)


Started GET "/assets/home.js?body=1" for 127.0.0.1 at 2012-11-06 12:11:55 -0700
Served asset /home.js - 304 Not Modified (0ms)


Started GET "/assets/application.js?body=1" for 127.0.0.1 at 2012-11-06 12:11:55 -0700
Served asset /application.js - 304 Not Modified (3ms)
Connecting to database specified by database.yml
Connecting to database specified by database.yml
  [1m[36m (0.1ms)[0m  [1mselect sqlite_version(*)[0m
  [1m[35m (168.7ms)[0m  CREATE TABLE "schema_migrations" ("version" varchar(255) NOT NULL) 
  [1m[36m (0.1ms)[0m  [1mPRAGMA index_list("schema_migrations")[0m
  [1m[35m (165.4ms)[0m  CREATE UNIQUE INDEX "unique_schema_migrations" ON "schema_migrations" ("version")
  [1m[36m (0.1ms)[0m  [1mSELECT "schema_migrations"."version" FROM "schema_migrations" [0m
Migrating to CreatePosts (20121106191246)
  [1m[35m (0.0ms)[0m  begin transaction
  [1m[36m (0.3ms)[0m  [1mCREATE TABLE "posts" ("id" INTEGER PRIMARY KEY AUTOINCREMENT NOT NULL, "name" varchar(255), "title" varchar(255), "content" text, "created_at" datetime NOT NULL, "updated_at" datetime NOT NULL) [0m
  [1m[35m (0.1ms)[0m  INSERT INTO "schema_migrations" ("version") VALUES ('20121106191246')
  [1m[36m (138.0ms)[0m  [1mcommit transaction[0m
  [1m[35m (0.3ms)[0m  select sqlite_version(*)
  [1m[36m (0.1ms)[0m  [1mSELECT "schema_migrations"."version" FROM "schema_migrations" [0m
  [1m[35m (0.0ms)[0m  PRAGMA index_list("posts")


Started GET "/" for 127.0.0.1 at 2012-11-06 15:45:09 -0700
Processing by HomeController#index as HTML
  Rendered home/index.html.erb within layouts/application (0.0ms)
Compiled posts.css  (1ms)  (pid 19319)
Compiled scaffolds.css  (11ms)  (pid 19319)
Compiled application.css  (46ms)  (pid 19319)
Compiled posts.js  (131ms)  (pid 19319)
Compiled application.js  (143ms)  (pid 19319)
Completed 200 OK in 322ms (Views: 321.4ms | ActiveRecord: 0.0ms)


Started GET "/assets/posts.css?body=1" for 127.0.0.1 at 2012-11-06 15:45:09 -0700
Served asset /posts.css - 200 OK (3ms)


Started GET "/assets/application.css?body=1" for 127.0.0.1 at 2012-11-06 15:45:09 -0700
Served asset /application.css - 304 Not Modified (7ms)


Started GET "/assets/posts.js?body=1" for 127.0.0.1 at 2012-11-06 15:45:09 -0700
Served asset /posts.js - 200 OK (1ms)


Started GET "/assets/home.css?body=1" for 127.0.0.1 at 2012-11-06 15:45:09 -0700
Served asset /home.css - 304 Not Modified (1ms)


Started GET "/assets/scaffolds.css?body=1" for 127.0.0.1 at 2012-11-06 15:45:09 -0700
Served asset /scaffolds.css - 200 OK (1ms)


Started GET "/assets/jquery.js?body=1" for 127.0.0.1 at 2012-11-06 15:45:09 -0700
Served asset /jquery.js - 304 Not Modified (1ms)


Started GET "/assets/jquery_ujs.js?body=1" for 127.0.0.1 at 2012-11-06 15:45:09 -0700
Served asset /jquery_ujs.js - 304 Not Modified (0ms)


Started GET "/assets/home.js?body=1" for 127.0.0.1 at 2012-11-06 15:45:09 -0700
Served asset /home.js - 304 Not Modified (0ms)


Started GET "/assets/application.js?body=1" for 127.0.0.1 at 2012-11-06 15:45:09 -0700
Served asset /application.js - 304 Not Modified (8ms)


Started GET "/" for 127.0.0.1 at 2012-11-06 15:46:12 -0700
Connecting to database specified by database.yml
Processing by HomeController#index as HTML
  Rendered home/index.html.erb within layouts/application (1.9ms)
Completed 200 OK in 53ms (Views: 52.5ms | ActiveRecord: 0.0ms)


Started GET "/assets/application.css?body=1" for 127.0.0.1 at 2012-11-06 15:46:13 -0700
Served asset /application.css - 304 Not Modified (11ms)


Started GET "/assets/posts.css?body=1" for 127.0.0.1 at 2012-11-06 15:46:13 -0700
Served asset /posts.css - 304 Not Modified (3ms)


Started GET "/assets/home.css?body=1" for 127.0.0.1 at 2012-11-06 15:46:13 -0700
Served asset /home.css - 304 Not Modified (3ms)


Started GET "/assets/scaffolds.css?body=1" for 127.0.0.1 at 2012-11-06 15:46:13 -0700
Served asset /scaffolds.css - 304 Not Modified (3ms)


Started GET "/assets/jquery.js?body=1" for 127.0.0.1 at 2012-11-06 15:46:13 -0700
Served asset /jquery.js - 304 Not Modified (9ms)


Started GET "/assets/jquery_ujs.js?body=1" for 127.0.0.1 at 2012-11-06 15:46:13 -0700
Served asset /jquery_ujs.js - 304 Not Modified (4ms)


Started GET "/assets/home.js?body=1" for 127.0.0.1 at 2012-11-06 15:46:13 -0700
Served asset /home.js - 304 Not Modified (3ms)


Started GET "/assets/posts.js?body=1" for 127.0.0.1 at 2012-11-06 15:46:13 -0700
Served asset /posts.js - 304 Not Modified (3ms)


Started GET "/assets/application.js?body=1" for 127.0.0.1 at 2012-11-06 15:46:13 -0700
Served asset /application.js - 304 Not Modified (34ms)


Started GET "/" for 127.0.0.1 at 2012-11-06 15:46:42 -0700
Processing by HomeController#index as HTML
  Rendered home/index.html.erb within layouts/application (1.5ms)
Completed 200 OK in 10ms (Views: 10.3ms | ActiveRecord: 0.0ms)


Started GET "/assets/application.css?body=1" for 127.0.0.1 at 2012-11-06 15:46:42 -0700
Served asset /application.css - 304 Not Modified (10ms)


Started GET "/assets/posts.css?body=1" for 127.0.0.1 at 2012-11-06 15:46:42 -0700
Served asset /posts.css - 304 Not Modified (0ms)


Started GET "/assets/jquery.js?body=1" for 127.0.0.1 at 2012-11-06 15:46:42 -0700
Served asset /jquery.js - 304 Not Modified (2ms)


Started GET "/assets/home.css?body=1" for 127.0.0.1 at 2012-11-06 15:46:42 -0700
Served asset /home.css - 304 Not Modified (0ms)


Started GET "/assets/scaffolds.css?body=1" for 127.0.0.1 at 2012-11-06 15:46:42 -0700
Served asset /scaffolds.css - 304 Not Modified (0ms)


Started GET "/assets/jquery_ujs.js?body=1" for 127.0.0.1 at 2012-11-06 15:46:42 -0700
Served asset /jquery_ujs.js - 304 Not Modified (0ms)


Started GET "/assets/home.js?body=1" for 127.0.0.1 at 2012-11-06 15:46:42 -0700
Served asset /home.js - 304 Not Modified (0ms)


Started GET "/assets/posts.js?body=1" for 127.0.0.1 at 2012-11-06 15:46:42 -0700
Served asset /posts.js - 304 Not Modified (0ms)


Started GET "/assets/application.js?body=1" for 127.0.0.1 at 2012-11-06 15:46:42 -0700
Served asset /application.js - 304 Not Modified (3ms)


Started GET "/posts" for 127.0.0.1 at 2012-11-06 15:46:43 -0700
Processing by PostsController#index as HTML
  [1m[36mPost Load (0.1ms)[0m  [1mSELECT "posts".* FROM "posts" [0m
  Rendered posts/index.html.erb within layouts/application (0.8ms)
Completed 200 OK in 92ms (Views: 7.8ms | ActiveRecord: 2.5ms)


Started GET "/assets/application.css?body=1" for 127.0.0.1 at 2012-11-06 15:46:43 -0700
Served asset /application.css - 304 Not Modified (3ms)


Started GET "/assets/home.css?body=1" for 127.0.0.1 at 2012-11-06 15:46:43 -0700
Served asset /home.css - 304 Not Modified (0ms)


Started GET "/assets/posts.css?body=1" for 127.0.0.1 at 2012-11-06 15:46:43 -0700
Served asset /posts.css - 304 Not Modified (0ms)


Started GET "/assets/scaffolds.css?body=1" for 127.0.0.1 at 2012-11-06 15:46:43 -0700
Served asset /scaffolds.css - 304 Not Modified (0ms)


Started GET "/assets/jquery.js?body=1" for 127.0.0.1 at 2012-11-06 15:46:43 -0700
Served asset /jquery.js - 304 Not Modified (2ms)


Started GET "/assets/jquery_ujs.js?body=1" for 127.0.0.1 at 2012-11-06 15:46:43 -0700
Served asset /jquery_ujs.js - 304 Not Modified (0ms)


Started GET "/assets/home.js?body=1" for 127.0.0.1 at 2012-11-06 15:46:43 -0700
Served asset /home.js - 304 Not Modified (0ms)


Started GET "/assets/posts.js?body=1" for 127.0.0.1 at 2012-11-06 15:46:43 -0700
Served asset /posts.js - 304 Not Modified (0ms)


Started GET "/assets/application.js?body=1" for 127.0.0.1 at 2012-11-06 15:46:43 -0700
Served asset /application.js - 304 Not Modified (4ms)


Started GET "/posts/new" for 127.0.0.1 at 2012-11-06 15:52:10 -0700
Processing by PostsController#new as HTML
  Rendered posts/_form.html.erb (45.4ms)
  Rendered posts/new.html.erb within layouts/application (74.6ms)
Completed 200 OK in 96ms (Views: 88.8ms | ActiveRecord: 0.4ms)


Started GET "/assets/application.css?body=1" for 127.0.0.1 at 2012-11-06 15:52:10 -0700
Served asset /application.css - 304 Not Modified (1ms)


Started GET "/assets/home.css?body=1" for 127.0.0.1 at 2012-11-06 15:52:10 -0700
Served asset /home.css - 304 Not Modified (1ms)


Started GET "/assets/posts.css?body=1" for 127.0.0.1 at 2012-11-06 15:52:10 -0700
Served asset /posts.css - 304 Not Modified (8ms)


Started GET "/assets/jquery.js?body=1" for 127.0.0.1 at 2012-11-06 15:52:10 -0700
Served asset /jquery.js - 304 Not Modified (2ms)


Started GET "/assets/jquery_ujs.js?body=1" for 127.0.0.1 at 2012-11-06 15:52:10 -0700
Served asset /jquery_ujs.js - 304 Not Modified (0ms)


Started GET "/assets/scaffolds.css?body=1" for 127.0.0.1 at 2012-11-06 15:52:10 -0700
Served asset /scaffolds.css - 304 Not Modified (0ms)


Started GET "/assets/home.js?body=1" for 127.0.0.1 at 2012-11-06 15:52:10 -0700
Served asset /home.js - 304 Not Modified (0ms)


Started GET "/assets/posts.js?body=1" for 127.0.0.1 at 2012-11-06 15:52:10 -0700
Served asset /posts.js - 304 Not Modified (0ms)


Started GET "/assets/application.js?body=1" for 127.0.0.1 at 2012-11-06 15:52:10 -0700
Served asset /application.js - 304 Not Modified (3ms)


Started POST "/posts" for 127.0.0.1 at 2012-11-06 15:53:01 -0700
Processing by PostsController#create as HTML
  Parameters: {"utf8"=>"✓", "authenticity_token"=>"JGSBAbfMhTkWtK9zw1dtOdxoPWT9bcNIZauVxtEd3gw=", "post"=>{"name"=>"Prueba", "title"=>"Post de prueba", "content"=>"Lorem ipsum dolor sit amet, consectetuer adipiscing elit, sed diam nonummy nibh euismod tincidunt ut laoreet dolore magna aliquam erat volutpat. Ut wisi enim ad minim veniam, quis nostrud exerci tation ullamcorper suscipit lobortis nisl ut aliquip ex ea commodo consequat. Duis autem vel eum iriure dolor in hendrerit in vulputate velit esse molestie consequat, vel illum dolore eu feugiat nulla facilisis at vero eros et accumsan et iusto odio dignissim qui blandit praesent luptatum zzril delenit augue duis dolore te feugait nulla facilisi. Nam liber tempor cum soluta nobis eleifend option congue nihil imperdiet doming id quod mazim placerat facer possim assum. Typi non habent claritatem insitam; est usus legentis in iis qui facit eorum claritatem. Investigationes demonstraverunt lectores legere me lius quod ii legunt saepius. Claritas est etiam processus dynamicus, qui sequitur mutationem consuetudium lectorum. Mirum est notare quam littera gothica, quam nunc putamus parum claram, anteposuerit litterarum formas humanitatis per seacula quarta decima et quinta decima. Eodem modo typi, qui nunc nobis videntur parum clari, fiant sollemnes in futurum."}, "commit"=>"Create Post"}
  [1m[35m (0.1ms)[0m  begin transaction
  [1m[36mSQL (32.0ms)[0m  [1mINSERT INTO "posts" ("content", "created_at", "name", "title", "updated_at") VALUES (?, ?, ?, ?, ?)[0m  [["content", "Lorem ipsum dolor sit amet, consectetuer adipiscing elit, sed diam nonummy nibh euismod tincidunt ut laoreet dolore magna aliquam erat volutpat. Ut wisi enim ad minim veniam, quis nostrud exerci tation ullamcorper suscipit lobortis nisl ut aliquip ex ea commodo consequat. Duis autem vel eum iriure dolor in hendrerit in vulputate velit esse molestie consequat, vel illum dolore eu feugiat nulla facilisis at vero eros et accumsan et iusto odio dignissim qui blandit praesent luptatum zzril delenit augue duis dolore te feugait nulla facilisi. Nam liber tempor cum soluta nobis eleifend option congue nihil imperdiet doming id quod mazim placerat facer possim assum. Typi non habent claritatem insitam; est usus legentis in iis qui facit eorum claritatem. Investigationes demonstraverunt lectores legere me lius quod ii legunt saepius. Claritas est etiam processus dynamicus, qui sequitur mutationem consuetudium lectorum. Mirum est notare quam littera gothica, quam nunc putamus parum claram, anteposuerit litterarum formas humanitatis per seacula quarta decima et quinta decima. Eodem modo typi, qui nunc nobis videntur parum clari, fiant sollemnes in futurum."], ["created_at", Tue, 06 Nov 2012 22:53:01 UTC +00:00], ["name", "Prueba"], ["title", "Post de prueba"], ["updated_at", Tue, 06 Nov 2012 22:53:01 UTC +00:00]]
  [1m[35m (221.9ms)[0m  commit transaction
Redirected to http://0.0.0.0:3000/posts/1
Completed 302 Found in 260ms (ActiveRecord: 254.0ms)


Started GET "/posts/1" for 127.0.0.1 at 2012-11-06 15:53:01 -0700
Processing by PostsController#show as HTML
  Parameters: {"id"=>"1"}
  [1m[36mPost Load (0.2ms)[0m  [1mSELECT "posts".* FROM "posts" WHERE "posts"."id" = ? LIMIT 1[0m  [["id", "1"]]
  Rendered posts/show.html.erb within layouts/application (1.1ms)
Completed 200 OK in 10ms (Views: 7.9ms | ActiveRecord: 0.2ms)


Started GET "/assets/application.css?body=1" for 127.0.0.1 at 2012-11-06 15:53:01 -0700
Served asset /application.css - 304 Not Modified (12ms)


Started GET "/assets/home.css?body=1" for 127.0.0.1 at 2012-11-06 15:53:01 -0700
Served asset /home.css - 304 Not Modified (0ms)


Started GET "/assets/posts.css?body=1" for 127.0.0.1 at 2012-11-06 15:53:01 -0700
Served asset /posts.css - 304 Not Modified (3ms)


Started GET "/assets/scaffolds.css?body=1" for 127.0.0.1 at 2012-11-06 15:53:01 -0700
Served asset /scaffolds.css - 304 Not Modified (2ms)


Started GET "/assets/jquery.js?body=1" for 127.0.0.1 at 2012-11-06 15:53:01 -0700
Served asset /jquery.js - 304 Not Modified (1ms)


Started GET "/assets/jquery_ujs.js?body=1" for 127.0.0.1 at 2012-11-06 15:53:01 -0700
Served asset /jquery_ujs.js - 304 Not Modified (0ms)


Started GET "/assets/home.js?body=1" for 127.0.0.1 at 2012-11-06 15:53:01 -0700
Served asset /home.js - 304 Not Modified (0ms)


Started GET "/assets/posts.js?body=1" for 127.0.0.1 at 2012-11-06 15:53:01 -0700
Served asset /posts.js - 304 Not Modified (0ms)


Started GET "/assets/application.js?body=1" for 127.0.0.1 at 2012-11-06 15:53:01 -0700
Served asset /application.js - 304 Not Modified (3ms)


Started GET "/posts" for 127.0.0.1 at 2012-11-06 15:53:13 -0700
Processing by PostsController#index as HTML
  [1m[35mPost Load (0.4ms)[0m  SELECT "posts".* FROM "posts" 
  Rendered posts/index.html.erb within layouts/application (2.9ms)
Completed 200 OK in 18ms (Views: 15.4ms | ActiveRecord: 0.4ms)


Started GET "/assets/application.css?body=1" for 127.0.0.1 at 2012-11-06 15:53:13 -0700
Served asset /application.css - 304 Not Modified (2ms)


Started GET "/assets/home.css?body=1" for 127.0.0.1 at 2012-11-06 15:53:13 -0700
Served asset /home.css - 304 Not Modified (0ms)


Started GET "/assets/posts.css?body=1" for 127.0.0.1 at 2012-11-06 15:53:13 -0700
Served asset /posts.css - 304 Not Modified (0ms)


Started GET "/assets/scaffolds.css?body=1" for 127.0.0.1 at 2012-11-06 15:53:13 -0700
Served asset /scaffolds.css - 304 Not Modified (0ms)


Started GET "/assets/jquery_ujs.js?body=1" for 127.0.0.1 at 2012-11-06 15:53:13 -0700
Served asset /jquery_ujs.js - 304 Not Modified (0ms)


Started GET "/assets/home.js?body=1" for 127.0.0.1 at 2012-11-06 15:53:13 -0700
Served asset /home.js - 304 Not Modified (0ms)


Started GET "/assets/jquery.js?body=1" for 127.0.0.1 at 2012-11-06 15:53:13 -0700
Served asset /jquery.js - 304 Not Modified (2ms)


Started GET "/assets/posts.js?body=1" for 127.0.0.1 at 2012-11-06 15:53:13 -0700
Served asset /posts.js - 304 Not Modified (0ms)


Started GET "/assets/application.js?body=1" for 127.0.0.1 at 2012-11-06 15:53:13 -0700
Served asset /application.js - 304 Not Modified (3ms)


Started GET "/posts.json" for 127.0.0.1 at 2012-11-06 15:54:02 -0700
Processing by PostsController#index as JSON
  [1m[36mPost Load (0.2ms)[0m  [1mSELECT "posts".* FROM "posts" [0m
Completed 200 OK in 2ms (Views: 0.7ms | ActiveRecord: 0.2ms)
Connecting to database specified by database.yml
Connecting to database specified by database.yml
  [1m[36m (0.1ms)[0m  [1mSELECT "schema_migrations"."version" FROM "schema_migrations" [0m
Migrating to CreatePosts (20121106191246)
Migrating to CreateComments (20121106230134)
  [1m[35m (0.0ms)[0m  select sqlite_version(*)
  [1m[36m (0.0ms)[0m  [1mbegin transaction[0m
  [1m[35m (0.3ms)[0m  CREATE TABLE "comments" ("id" INTEGER PRIMARY KEY AUTOINCREMENT NOT NULL, "commenter" varchar(255), "body" text, "post_id" integer, "created_at" datetime NOT NULL, "updated_at" datetime NOT NULL) 
  [1m[36m (0.0ms)[0m  [1mPRAGMA index_list("comments")[0m
  [1m[35m (0.1ms)[0m  CREATE INDEX "index_comments_on_post_id" ON "comments" ("post_id")
  [1m[36m (0.1ms)[0m  [1mINSERT INTO "schema_migrations" ("version") VALUES ('20121106230134')[0m
  [1m[35m (221.7ms)[0m  commit transaction
  [1m[36m (0.2ms)[0m  [1mselect sqlite_version(*)[0m
  [1m[35m (0.1ms)[0m  SELECT "schema_migrations"."version" FROM "schema_migrations" 
  [1m[36m (0.0ms)[0m  [1mPRAGMA index_list("comments")[0m
  [1m[35m (0.0ms)[0m  PRAGMA index_info('index_comments_on_post_id')
  [1m[36m (0.0ms)[0m  [1mPRAGMA index_list("posts")[0m
Connecting to database specified by database.yml
Connecting to database specified by database.yml
  [1m[36m (0.1ms)[0m  [1mSELECT "schema_migrations"."version" FROM "schema_migrations" [0m
Migrating to CreatePosts (20121106191246)
Migrating to CreateComments (20121106230134)
Migrating to CreateTags (20121107192701)
  [1m[35m (0.1ms)[0m  select sqlite_version(*)
  [1m[36m (0.0ms)[0m  [1mbegin transaction[0m
  [1m[35m (0.3ms)[0m  CREATE TABLE "tags" ("id" INTEGER PRIMARY KEY AUTOINCREMENT NOT NULL, "name" varchar(255), "post_id" integer, "created_at" datetime NOT NULL, "updated_at" datetime NOT NULL) 
  [1m[36m (0.0ms)[0m  [1mPRAGMA index_list("tags")[0m
  [1m[35m (0.1ms)[0m  CREATE INDEX "index_tags_on_post_id" ON "tags" ("post_id")
  [1m[36m (0.1ms)[0m  [1mINSERT INTO "schema_migrations" ("version") VALUES ('20121107192701')[0m
  [1m[35m (234.4ms)[0m  commit transaction
  [1m[36m (0.3ms)[0m  [1mselect sqlite_version(*)[0m
  [1m[35m (0.1ms)[0m  SELECT "schema_migrations"."version" FROM "schema_migrations" 
  [1m[36m (0.0ms)[0m  [1mPRAGMA index_list("comments")[0m
  [1m[35m (0.0ms)[0m  PRAGMA index_info('index_comments_on_post_id')
  [1m[36m (0.0ms)[0m  [1mPRAGMA index_list("posts")[0m
  [1m[35m (0.0ms)[0m  PRAGMA index_list("tags")
  [1m[36m (0.0ms)[0m  [1mPRAGMA index_info('index_tags_on_post_id')[0m


Started GET "/posts/new" for 127.0.0.1 at 2012-11-07 12:39:16 -0700
Connecting to database specified by database.yml
Processing by PostsController#new as HTML
Filter chain halted as #<Proc:0xb5508a24@/home/chopan/.rvm/gems/ruby-1.9.3-p125/gems/actionpack-3.2.8/lib/action_controller/metal/http_authentication.rb:112> rendered or redirected
Completed 401 Unauthorized in 1ms (ActiveRecord: 0.0ms)


Started GET "/posts/new" for 127.0.0.1 at 2012-11-07 12:39:24 -0700
Processing by PostsController#new as HTML
  Rendered tags/_form.html.erb (0.9ms)
  Rendered posts/_form.html.erb (68.2ms)
  Rendered posts/new.html.erb within layouts/application (73.4ms)
Compiled application.css  (2ms)  (pid 363)
Compiled application.js  (3ms)  (pid 363)
Completed 200 OK in 204ms (Views: 156.9ms | ActiveRecord: 2.1ms)


Started GET "/assets/application.css?body=1" for 127.0.0.1 at 2012-11-07 12:39:25 -0700
Served asset /application.css - 304 Not Modified (13ms)


Started GET "/assets/comments.css?body=1" for 127.0.0.1 at 2012-11-07 12:39:25 -0700
Served asset /comments.css - 304 Not Modified (29ms)


Started GET "/assets/home.css?body=1" for 127.0.0.1 at 2012-11-07 12:39:25 -0700
Served asset /home.css - 304 Not Modified (4ms)


Started GET "/assets/jquery.js?body=1" for 127.0.0.1 at 2012-11-07 12:39:25 -0700
Served asset /jquery.js - 304 Not Modified (7ms)


Started GET "/assets/posts.css?body=1" for 127.0.0.1 at 2012-11-07 12:39:25 -0700
Served asset /posts.css - 304 Not Modified (2ms)


Started GET "/assets/scaffolds.css?body=1" for 127.0.0.1 at 2012-11-07 12:39:25 -0700
Served asset /scaffolds.css - 304 Not Modified (2ms)


Started GET "/assets/jquery_ujs.js?body=1" for 127.0.0.1 at 2012-11-07 12:39:25 -0700
Served asset /jquery_ujs.js - 304 Not Modified (8ms)


Started GET "/assets/comments.js?body=1" for 127.0.0.1 at 2012-11-07 12:39:25 -0700
Served asset /comments.js - 304 Not Modified (1ms)


Started GET "/assets/home.js?body=1" for 127.0.0.1 at 2012-11-07 12:39:25 -0700
Served asset /home.js - 304 Not Modified (2ms)


Started GET "/assets/application.js?body=1" for 127.0.0.1 at 2012-11-07 12:39:25 -0700
Served asset /application.js - 304 Not Modified (9ms)


Started GET "/assets/posts.js?body=1" for 127.0.0.1 at 2012-11-07 12:39:25 -0700
Served asset /posts.js - 304 Not Modified (2ms)


Started GET "/posts" for 127.0.0.1 at 2012-11-07 12:39:36 -0700
Processing by PostsController#index as HTML
  [1m[36mPost Load (0.2ms)[0m  [1mSELECT "posts".* FROM "posts" [0m
  Rendered posts/index.html.erb within layouts/application (4.7ms)
Completed 200 OK in 19ms (Views: 15.9ms | ActiveRecord: 0.2ms)


Started GET "/assets/application.css?body=1" for 127.0.0.1 at 2012-11-07 12:39:36 -0700
Served asset /application.css - 304 Not Modified (5ms)


Started GET "/assets/scaffolds.css?body=1" for 127.0.0.1 at 2012-11-07 12:39:36 -0700
Served asset /scaffolds.css - 304 Not Modified (0ms)


Started GET "/assets/posts.css?body=1" for 127.0.0.1 at 2012-11-07 12:39:36 -0700
Served asset /posts.css - 304 Not Modified (0ms)


Started GET "/assets/home.css?body=1" for 127.0.0.1 at 2012-11-07 12:39:36 -0700
Served asset /home.css - 304 Not Modified (0ms)


Started GET "/assets/comments.css?body=1" for 127.0.0.1 at 2012-11-07 12:39:36 -0700
Served asset /comments.css - 304 Not Modified (3ms)


Started GET "/assets/jquery.js?body=1" for 127.0.0.1 at 2012-11-07 12:39:36 -0700
Served asset /jquery.js - 304 Not Modified (5ms)


Started GET "/assets/jquery_ujs.js?body=1" for 127.0.0.1 at 2012-11-07 12:39:36 -0700
Served asset /jquery_ujs.js - 304 Not Modified (0ms)


Started GET "/assets/comments.js?body=1" for 127.0.0.1 at 2012-11-07 12:39:36 -0700
Served asset /comments.js - 304 Not Modified (0ms)


Started GET "/assets/home.js?body=1" for 127.0.0.1 at 2012-11-07 12:39:36 -0700
Served asset /home.js - 304 Not Modified (0ms)


Started GET "/assets/posts.js?body=1" for 127.0.0.1 at 2012-11-07 12:39:36 -0700
Served asset /posts.js - 304 Not Modified (0ms)


Started GET "/assets/application.js?body=1" for 127.0.0.1 at 2012-11-07 12:39:36 -0700
Served asset /application.js - 304 Not Modified (2ms)


Started GET "/posts/1" for 127.0.0.1 at 2012-11-07 12:39:39 -0700
Processing by PostsController#show as HTML
  Parameters: {"id"=>"1"}
  [1m[35mPost Load (0.5ms)[0m  SELECT "posts".* FROM "posts" WHERE "posts"."id" = ? LIMIT 1  [["id", "1"]]
  [1m[36mTag Load (0.3ms)[0m  [1mSELECT "tags".* FROM "tags" WHERE "tags"."post_id" = 1[0m
  [1m[35mComment Load (0.1ms)[0m  SELECT "comments".* FROM "comments" WHERE "comments"."post_id" = 1
  Rendered collection (0.0ms)
  Rendered comments/_form.html.erb (12.5ms)
  Rendered posts/show.html.erb within layouts/application (22.6ms)
Completed 200 OK in 57ms (Views: 52.2ms | ActiveRecord: 1.2ms)


Started GET "/assets/application.css?body=1" for 127.0.0.1 at 2012-11-07 12:39:39 -0700
Served asset /application.css - 304 Not Modified (6ms)


Started GET "/assets/comments.css?body=1" for 127.0.0.1 at 2012-11-07 12:39:39 -0700
Served asset /comments.css - 304 Not Modified (2ms)


Started GET "/assets/home.css?body=1" for 127.0.0.1 at 2012-11-07 12:39:39 -0700
Served asset /home.css - 304 Not Modified (0ms)


Started GET "/assets/posts.css?body=1" for 127.0.0.1 at 2012-11-07 12:39:39 -0700
Served asset /posts.css - 304 Not Modified (0ms)


Started GET "/assets/scaffolds.css?body=1" for 127.0.0.1 at 2012-11-07 12:39:39 -0700
Served asset /scaffolds.css - 304 Not Modified (4ms)


Started GET "/assets/jquery.js?body=1" for 127.0.0.1 at 2012-11-07 12:39:39 -0700
Served asset /jquery.js - 304 Not Modified (2ms)


Started GET "/assets/jquery_ujs.js?body=1" for 127.0.0.1 at 2012-11-07 12:39:39 -0700
Served asset /jquery_ujs.js - 304 Not Modified (0ms)


Started GET "/assets/home.js?body=1" for 127.0.0.1 at 2012-11-07 12:39:39 -0700
Served asset /home.js - 304 Not Modified (0ms)


Started GET "/assets/comments.js?body=1" for 127.0.0.1 at 2012-11-07 12:39:39 -0700
Served asset /comments.js - 304 Not Modified (0ms)


Started GET "/assets/posts.js?body=1" for 127.0.0.1 at 2012-11-07 12:39:39 -0700
Served asset /posts.js - 304 Not Modified (0ms)


Started GET "/assets/application.js?body=1" for 127.0.0.1 at 2012-11-07 12:39:39 -0700
Served asset /application.js - 304 Not Modified (2ms)


Started POST "/posts/1/comments" for 127.0.0.1 at 2012-11-07 12:43:59 -0700
Processing by CommentsController#create as HTML
  Parameters: {"utf8"=>"✓", "authenticity_token"=>"JGSBAbfMhTkWtK9zw1dtOdxoPWT9bcNIZauVxtEd3gw=", "comment"=>{"commenter"=>"carlos", "body"=>"Probando probando"}, "commit"=>"Create Comment", "post_id"=>"1"}
  [1m[36mPost Load (0.2ms)[0m  [1mSELECT "posts".* FROM "posts" WHERE "posts"."id" = ? LIMIT 1[0m  [["id", "1"]]
  [1m[35m (0.1ms)[0m  begin transaction
  [1m[36mSQL (5.6ms)[0m  [1mINSERT INTO "comments" ("body", "commenter", "created_at", "post_id", "updated_at") VALUES (?, ?, ?, ?, ?)[0m  [["body", "Probando probando"], ["commenter", "carlos"], ["created_at", Wed, 07 Nov 2012 19:43:59 UTC +00:00], ["post_id", 1], ["updated_at", Wed, 07 Nov 2012 19:43:59 UTC +00:00]]
  [1m[35m (194.5ms)[0m  commit transaction
Redirected to http://0.0.0.0:3000/posts/1
Completed 302 Found in 207ms (ActiveRecord: 200.4ms)


Started GET "/posts/1" for 127.0.0.1 at 2012-11-07 12:43:59 -0700
Processing by PostsController#show as HTML
  Parameters: {"id"=>"1"}
  [1m[36mPost Load (0.2ms)[0m  [1mSELECT "posts".* FROM "posts" WHERE "posts"."id" = ? LIMIT 1[0m  [["id", "1"]]
  [1m[35mTag Load (0.3ms)[0m  SELECT "tags".* FROM "tags" WHERE "tags"."post_id" = 1
  [1m[36mComment Load (0.4ms)[0m  [1mSELECT "comments".* FROM "comments" WHERE "comments"."post_id" = 1[0m
  [1m[35mPost Load (0.2ms)[0m  SELECT "posts".* FROM "posts" WHERE "posts"."id" = 1 LIMIT 1
  Rendered comments/_comment.html.erb (7.3ms)
  Rendered comments/_form.html.erb (2.4ms)
  Rendered posts/show.html.erb within layouts/application (36.5ms)
Completed 200 OK in 49ms (Views: 45.7ms | ActiveRecord: 1.1ms)


Started GET "/assets/application.css?body=1" for 127.0.0.1 at 2012-11-07 12:43:59 -0700
Served asset /application.css - 304 Not Modified (9ms)


Started GET "/assets/comments.css?body=1" for 127.0.0.1 at 2012-11-07 12:43:59 -0700
Served asset /comments.css - 304 Not Modified (0ms)


Started GET "/assets/home.css?body=1" for 127.0.0.1 at 2012-11-07 12:43:59 -0700
Served asset /home.css - 304 Not Modified (0ms)


Started GET "/assets/scaffolds.css?body=1" for 127.0.0.1 at 2012-11-07 12:43:59 -0700
Served asset /scaffolds.css - 304 Not Modified (0ms)


Started GET "/assets/posts.css?body=1" for 127.0.0.1 at 2012-11-07 12:43:59 -0700
Served asset /posts.css - 304 Not Modified (0ms)


Started GET "/assets/jquery.js?body=1" for 127.0.0.1 at 2012-11-07 12:43:59 -0700
Served asset /jquery.js - 304 Not Modified (2ms)


Started GET "/assets/jquery_ujs.js?body=1" for 127.0.0.1 at 2012-11-07 12:43:59 -0700
Served asset /jquery_ujs.js - 304 Not Modified (3ms)


Started GET "/assets/comments.js?body=1" for 127.0.0.1 at 2012-11-07 12:43:59 -0700
Served asset /comments.js - 304 Not Modified (0ms)


Started GET "/assets/home.js?body=1" for 127.0.0.1 at 2012-11-07 12:43:59 -0700
Served asset /home.js - 304 Not Modified (0ms)


Started GET "/assets/posts.js?body=1" for 127.0.0.1 at 2012-11-07 12:43:59 -0700
Served asset /posts.js - 304 Not Modified (0ms)


Started GET "/assets/application.js?body=1" for 127.0.0.1 at 2012-11-07 12:43:59 -0700
Served asset /application.js - 304 Not Modified (2ms)


Started GET "/posts" for 127.0.0.1 at 2012-11-07 12:44:05 -0700
Processing by PostsController#index as HTML
  [1m[36mPost Load (0.2ms)[0m  [1mSELECT "posts".* FROM "posts" [0m
  Rendered posts/index.html.erb within layouts/application (2.0ms)
Completed 200 OK in 11ms (Views: 9.8ms | ActiveRecord: 0.2ms)


Started GET "/assets/application.css?body=1" for 127.0.0.1 at 2012-11-07 12:44:05 -0700
Served asset /application.css - 304 Not Modified (8ms)


Started GET "/assets/home.css?body=1" for 127.0.0.1 at 2012-11-07 12:44:05 -0700
Served asset /home.css - 304 Not Modified (0ms)


Started GET "/assets/posts.css?body=1" for 127.0.0.1 at 2012-11-07 12:44:05 -0700
Served asset /posts.css - 304 Not Modified (0ms)


Started GET "/assets/scaffolds.css?body=1" for 127.0.0.1 at 2012-11-07 12:44:05 -0700
Served asset /scaffolds.css - 304 Not Modified (0ms)


Started GET "/assets/comments.css?body=1" for 127.0.0.1 at 2012-11-07 12:44:05 -0700
Served asset /comments.css - 304 Not Modified (0ms)


Started GET "/assets/jquery.js?body=1" for 127.0.0.1 at 2012-11-07 12:44:05 -0700
Served asset /jquery.js - 304 Not Modified (2ms)


Started GET "/assets/jquery_ujs.js?body=1" for 127.0.0.1 at 2012-11-07 12:44:05 -0700
Served asset /jquery_ujs.js - 304 Not Modified (0ms)


Started GET "/assets/comments.js?body=1" for 127.0.0.1 at 2012-11-07 12:44:05 -0700
Served asset /comments.js - 304 Not Modified (0ms)


Started GET "/assets/home.js?body=1" for 127.0.0.1 at 2012-11-07 12:44:05 -0700
Served asset /home.js - 304 Not Modified (0ms)


Started GET "/assets/posts.js?body=1" for 127.0.0.1 at 2012-11-07 12:44:05 -0700
Served asset /posts.js - 304 Not Modified (0ms)


Started GET "/assets/application.js?body=1" for 127.0.0.1 at 2012-11-07 12:44:05 -0700
Served asset /application.js - 304 Not Modified (2ms)


Started GET "/posts/1/edit" for 127.0.0.1 at 2012-11-07 12:44:07 -0700
Processing by PostsController#edit as HTML
  Parameters: {"id"=>"1"}
  [1m[35mPost Load (0.2ms)[0m  SELECT "posts".* FROM "posts" WHERE "posts"."id" = ? LIMIT 1  [["id", "1"]]
  [1m[36mTag Load (0.1ms)[0m  [1mSELECT "tags".* FROM "tags" WHERE "tags"."post_id" = 1[0m
  Rendered tags/_form.html.erb (1.0ms)
  Rendered posts/_form.html.erb (7.0ms)
  Rendered posts/edit.html.erb within layouts/application (9.5ms)
Completed 200 OK in 21ms (Views: 18.8ms | ActiveRecord: 0.3ms)


Started GET "/assets/application.css?body=1" for 127.0.0.1 at 2012-11-07 12:44:07 -0700
Served asset /application.css - 304 Not Modified (3ms)


Started GET "/assets/comments.css?body=1" for 127.0.0.1 at 2012-11-07 12:44:07 -0700
Served asset /comments.css - 304 Not Modified (0ms)


Started GET "/assets/home.css?body=1" for 127.0.0.1 at 2012-11-07 12:44:07 -0700
Served asset /home.css - 304 Not Modified (0ms)


Started GET "/assets/posts.css?body=1" for 127.0.0.1 at 2012-11-07 12:44:07 -0700
Served asset /posts.css - 304 Not Modified (0ms)


Started GET "/assets/scaffolds.css?body=1" for 127.0.0.1 at 2012-11-07 12:44:07 -0700
Served asset /scaffolds.css - 304 Not Modified (4ms)


Started GET "/assets/jquery.js?body=1" for 127.0.0.1 at 2012-11-07 12:44:07 -0700
Served asset /jquery.js - 304 Not Modified (3ms)


Started GET "/assets/jquery_ujs.js?body=1" for 127.0.0.1 at 2012-11-07 12:44:07 -0700
Served asset /jquery_ujs.js - 304 Not Modified (0ms)


Started GET "/assets/comments.js?body=1" for 127.0.0.1 at 2012-11-07 12:44:07 -0700
Served asset /comments.js - 304 Not Modified (0ms)


Started GET "/assets/home.js?body=1" for 127.0.0.1 at 2012-11-07 12:44:07 -0700
Served asset /home.js - 304 Not Modified (0ms)


Started GET "/assets/posts.js?body=1" for 127.0.0.1 at 2012-11-07 12:44:07 -0700
Served asset /posts.js - 304 Not Modified (0ms)


Started GET "/assets/application.js?body=1" for 127.0.0.1 at 2012-11-07 12:44:07 -0700
Served asset /application.js - 304 Not Modified (1ms)


Started PUT "/posts/1" for 127.0.0.1 at 2012-11-07 12:44:26 -0700
Processing by PostsController#update as HTML
  Parameters: {"utf8"=>"✓", "authenticity_token"=>"JGSBAbfMhTkWtK9zw1dtOdxoPWT9bcNIZauVxtEd3gw=", "post"=>{"name"=>"Prueba", "title"=>"Post de prueba", "content"=>"Lorem ipsum dolor sit amet, consectetuer adipiscing elit, sed diam nonummy nibh euismod tincidunt ut laoreet dolore magna aliquam erat volutpat. Ut wisi enim ad minim veniam, quis nostrud exerci tation ullamcorper suscipit lobortis nisl ut aliquip ex ea commodo consequat. Duis autem vel eum iriure dolor in hendrerit in vulputate velit esse molestie consequat, vel illum dolore eu feugiat nulla facilisis at vero eros et accumsan et iusto odio dignissim qui blandit praesent luptatum zzril delenit augue duis dolore te feugait nulla facilisi. Nam liber tempor cum soluta nobis eleifend option congue nihil imperdiet doming id quod mazim placerat facer possim assum. Typi non habent claritatem insitam; est usus legentis in iis qui facit eorum claritatem. Investigationes demonstraverunt lectores legere me lius quod ii legunt saepius. Claritas est etiam processus dynamicus, qui sequitur mutationem consuetudium lectorum. Mirum est notare quam littera gothica, quam nunc putamus parum claram, anteposuerit litterarum formas humanitatis per seacula quarta decima et quinta decima. Eodem modo typi, qui nunc nobis videntur parum clari, fiant sollemnes in futurum.", "tags_attributes"=>{"0"=>{"name"=>"Prueba1, prueba2, prueba3"}}}, "commit"=>"Update Post", "id"=>"1"}
  [1m[35mPost Load (0.1ms)[0m  SELECT "posts".* FROM "posts" WHERE "posts"."id" = ? LIMIT 1  [["id", "1"]]
  [1m[36m (0.1ms)[0m  [1mbegin transaction[0m
  [1m[35m (0.0ms)[0m  rollback transaction
Completed 500 Internal Server Error in 2ms

ActiveModel::MassAssignmentSecurity::Error (Can't mass-assign protected attributes: tags_attributes):
  app/controllers/posts_controller.rb:65:in `block in update'
  app/controllers/posts_controller.rb:64:in `update'


  Rendered /home/chopan/.rvm/gems/ruby-1.9.3-p125/gems/actionpack-3.2.8/lib/action_dispatch/middleware/templates/rescues/_trace.erb (1.5ms)
  Rendered /home/chopan/.rvm/gems/ruby-1.9.3-p125/gems/actionpack-3.2.8/lib/action_dispatch/middleware/templates/rescues/_request_and_response.erb (1.2ms)
  Rendered /home/chopan/.rvm/gems/ruby-1.9.3-p125/gems/actionpack-3.2.8/lib/action_dispatch/middleware/templates/rescues/diagnostics.erb within rescues/layout (22.3ms)


Started PUT "/posts/1" for 127.0.0.1 at 2012-11-07 12:44:59 -0700
Processing by PostsController#update as HTML
  Parameters: {"utf8"=>"✓", "authenticity_token"=>"JGSBAbfMhTkWtK9zw1dtOdxoPWT9bcNIZauVxtEd3gw=", "post"=>{"name"=>"Prueba", "title"=>"Post de prueba", "content"=>"Lorem ipsum dolor sit amet, consectetuer adipiscing elit, sed diam nonummy nibh euismod tincidunt ut laoreet dolore magna aliquam erat volutpat. Ut wisi enim ad minim veniam, quis nostrud exerci tation ullamcorper suscipit lobortis nisl ut aliquip ex ea commodo consequat. Duis autem vel eum iriure dolor in hendrerit in vulputate velit esse molestie consequat, vel illum dolore eu feugiat nulla facilisis at vero eros et accumsan et iusto odio dignissim qui blandit praesent luptatum zzril delenit augue duis dolore te feugait nulla facilisi. Nam liber tempor cum soluta nobis eleifend option congue nihil imperdiet doming id quod mazim placerat facer possim assum. Typi non habent claritatem insitam; est usus legentis in iis qui facit eorum claritatem. Investigationes demonstraverunt lectores legere me lius quod ii legunt saepius. Claritas est etiam processus dynamicus, qui sequitur mutationem consuetudium lectorum. Mirum est notare quam littera gothica, quam nunc putamus parum claram, anteposuerit litterarum formas humanitatis per seacula quarta decima et quinta decima. Eodem modo typi, qui nunc nobis videntur parum clari, fiant sollemnes in futurum.", "tags_attributes"=>{"0"=>{"name"=>"Prueba1 prueba2 prueba3"}}}, "commit"=>"Update Post", "id"=>"1"}
  [1m[36mPost Load (0.2ms)[0m  [1mSELECT "posts".* FROM "posts" WHERE "posts"."id" = ? LIMIT 1[0m  [["id", "1"]]
  [1m[35m (0.1ms)[0m  begin transaction
  [1m[36m (0.0ms)[0m  [1mrollback transaction[0m
Completed 500 Internal Server Error in 32ms

ActiveModel::MassAssignmentSecurity::Error (Can't mass-assign protected attributes: tags_attributes):
  app/controllers/posts_controller.rb:65:in `block in update'
  app/controllers/posts_controller.rb:64:in `update'


  Rendered /home/chopan/.rvm/gems/ruby-1.9.3-p125/gems/actionpack-3.2.8/lib/action_dispatch/middleware/templates/rescues/_trace.erb (1.3ms)
  Rendered /home/chopan/.rvm/gems/ruby-1.9.3-p125/gems/actionpack-3.2.8/lib/action_dispatch/middleware/templates/rescues/_request_and_response.erb (1.4ms)
  Rendered /home/chopan/.rvm/gems/ruby-1.9.3-p125/gems/actionpack-3.2.8/lib/action_dispatch/middleware/templates/rescues/diagnostics.erb within rescues/layout (8.3ms)


Started PUT "/posts/1" for 127.0.0.1 at 2012-11-07 12:45:08 -0700
Processing by PostsController#update as HTML
  Parameters: {"utf8"=>"✓", "authenticity_token"=>"JGSBAbfMhTkWtK9zw1dtOdxoPWT9bcNIZauVxtEd3gw=", "post"=>{"name"=>"Prueba", "title"=>"Post de prueba", "content"=>"Lorem ipsum dolor sit amet, consectetuer adipiscing elit, sed diam nonummy nibh euismod tincidunt ut laoreet dolore magna aliquam erat volutpat. Ut wisi enim ad minim veniam, quis nostrud exerci tation ullamcorper suscipit lobortis nisl ut aliquip ex ea commodo consequat. Duis autem vel eum iriure dolor in hendrerit in vulputate velit esse molestie consequat, vel illum dolore eu feugiat nulla facilisis at vero eros et accumsan et iusto odio dignissim qui blandit praesent luptatum zzril delenit augue duis dolore te feugait nulla facilisi. Nam liber tempor cum soluta nobis eleifend option congue nihil imperdiet doming id quod mazim placerat facer possim assum. Typi non habent claritatem insitam; est usus legentis in iis qui facit eorum claritatem. Investigationes demonstraverunt lectores legere me lius quod ii legunt saepius. Claritas est etiam processus dynamicus, qui sequitur mutationem consuetudium lectorum. Mirum est notare quam littera gothica, quam nunc putamus parum claram, anteposuerit litterarum formas humanitatis per seacula quarta decima et quinta decima. Eodem modo typi, qui nunc nobis videntur parum clari, fiant sollemnes in futurum.", "tags_attributes"=>{"0"=>{"name"=>"Prueba1"}}}, "commit"=>"Update Post", "id"=>"1"}
  [1m[35mPost Load (0.1ms)[0m  SELECT "posts".* FROM "posts" WHERE "posts"."id" = ? LIMIT 1  [["id", "1"]]
  [1m[36m (0.1ms)[0m  [1mbegin transaction[0m
  [1m[35m (0.1ms)[0m  rollback transaction
Completed 500 Internal Server Error in 3ms

ActiveModel::MassAssignmentSecurity::Error (Can't mass-assign protected attributes: tags_attributes):
  app/controllers/posts_controller.rb:65:in `block in update'
  app/controllers/posts_controller.rb:64:in `update'


  Rendered /home/chopan/.rvm/gems/ruby-1.9.3-p125/gems/actionpack-3.2.8/lib/action_dispatch/middleware/templates/rescues/_trace.erb (1.2ms)
  Rendered /home/chopan/.rvm/gems/ruby-1.9.3-p125/gems/actionpack-3.2.8/lib/action_dispatch/middleware/templates/rescues/_request_and_response.erb (1.1ms)
  Rendered /home/chopan/.rvm/gems/ruby-1.9.3-p125/gems/actionpack-3.2.8/lib/action_dispatch/middleware/templates/rescues/diagnostics.erb within rescues/layout (8.9ms)


Started GET "/posts" for 127.0.0.1 at 2012-11-07 12:45:12 -0700
Processing by PostsController#index as HTML
  [1m[36mPost Load (0.3ms)[0m  [1mSELECT "posts".* FROM "posts" [0m
  Rendered posts/index.html.erb within layouts/application (3.1ms)
Completed 200 OK in 19ms (Views: 16.8ms | ActiveRecord: 0.3ms)


Started GET "/assets/home.css?body=1" for 127.0.0.1 at 2012-11-07 12:45:13 -0700
Served asset /home.css - 304 Not Modified (9ms)


Started GET "/assets/posts.css?body=1" for 127.0.0.1 at 2012-11-07 12:45:13 -0700
Served asset /posts.css - 304 Not Modified (0ms)


Started GET "/assets/application.css?body=1" for 127.0.0.1 at 2012-11-07 12:45:13 -0700
Served asset /application.css - 304 Not Modified (4ms)


Started GET "/assets/jquery.js?body=1" for 127.0.0.1 at 2012-11-07 12:45:13 -0700
Served asset /jquery.js - 304 Not Modified (5ms)


Started GET "/assets/scaffolds.css?body=1" for 127.0.0.1 at 2012-11-07 12:45:13 -0700
Served asset /scaffolds.css - 304 Not Modified (0ms)


Started GET "/assets/comments.css?body=1" for 127.0.0.1 at 2012-11-07 12:45:13 -0700
Served asset /comments.css - 304 Not Modified (3ms)


Started GET "/assets/jquery_ujs.js?body=1" for 127.0.0.1 at 2012-11-07 12:45:13 -0700
Served asset /jquery_ujs.js - 304 Not Modified (0ms)


Started GET "/assets/comments.js?body=1" for 127.0.0.1 at 2012-11-07 12:45:13 -0700
Served asset /comments.js - 304 Not Modified (0ms)


Started GET "/assets/home.js?body=1" for 127.0.0.1 at 2012-11-07 12:45:13 -0700
Served asset /home.js - 304 Not Modified (0ms)


Started GET "/assets/posts.js?body=1" for 127.0.0.1 at 2012-11-07 12:45:13 -0700
Served asset /posts.js - 304 Not Modified (0ms)


Started GET "/assets/application.js?body=1" for 127.0.0.1 at 2012-11-07 12:45:13 -0700
Served asset /application.js - 304 Not Modified (2ms)


Started GET "/posts/new" for 127.0.0.1 at 2012-11-07 12:45:14 -0700
Processing by PostsController#new as HTML
  Rendered tags/_form.html.erb (0.9ms)
  Rendered posts/_form.html.erb (8.5ms)
  Rendered posts/new.html.erb within layouts/application (9.8ms)
Completed 200 OK in 17ms (Views: 17.2ms | ActiveRecord: 0.0ms)


Started GET "/assets/application.css?body=1" for 127.0.0.1 at 2012-11-07 12:45:14 -0700
Served asset /application.css - 304 Not Modified (11ms)


Started GET "/assets/comments.css?body=1" for 127.0.0.1 at 2012-11-07 12:45:14 -0700
Served asset /comments.css - 304 Not Modified (0ms)


Started GET "/assets/jquery.js?body=1" for 127.0.0.1 at 2012-11-07 12:45:14 -0700
Served asset /jquery.js - 304 Not Modified (5ms)


Started GET "/assets/posts.css?body=1" for 127.0.0.1 at 2012-11-07 12:45:14 -0700
Served asset /posts.css - 304 Not Modified (0ms)


Started GET "/assets/home.css?body=1" for 127.0.0.1 at 2012-11-07 12:45:14 -0700
Served asset /home.css - 304 Not Modified (0ms)


Started GET "/assets/scaffolds.css?body=1" for 127.0.0.1 at 2012-11-07 12:45:14 -0700
Served asset /scaffolds.css - 304 Not Modified (0ms)


Started GET "/assets/jquery_ujs.js?body=1" for 127.0.0.1 at 2012-11-07 12:45:14 -0700
Served asset /jquery_ujs.js - 304 Not Modified (5ms)


Started GET "/assets/comments.js?body=1" for 127.0.0.1 at 2012-11-07 12:45:14 -0700
Served asset /comments.js - 304 Not Modified (0ms)


Started GET "/assets/application.js?body=1" for 127.0.0.1 at 2012-11-07 12:45:14 -0700
Served asset /application.js - 304 Not Modified (4ms)


Started GET "/assets/home.js?body=1" for 127.0.0.1 at 2012-11-07 12:45:14 -0700
Served asset /home.js - 304 Not Modified (0ms)


Started GET "/assets/posts.js?body=1" for 127.0.0.1 at 2012-11-07 12:45:14 -0700
Served asset /posts.js - 304 Not Modified (0ms)


Started POST "/posts" for 127.0.0.1 at 2012-11-07 12:45:44 -0700
Processing by PostsController#create as HTML
  Parameters: {"utf8"=>"✓", "authenticity_token"=>"JGSBAbfMhTkWtK9zw1dtOdxoPWT9bcNIZauVxtEd3gw=", "post"=>{"name"=>"Carlos", "title"=>"Prueba tags", "content"=>"Con este post se prueban a ver si funcionan las tags", "tags_attributes"=>{"0"=>{"name"=>"123xmi"}}}, "commit"=>"Create Post"}
Filter chain halted as #<Proc:0xb5508a24@/home/chopan/.rvm/gems/ruby-1.9.3-p125/gems/actionpack-3.2.8/lib/action_controller/metal/http_authentication.rb:112> rendered or redirected
Completed 401 Unauthorized in 1ms (ActiveRecord: 0.0ms)


Started POST "/posts" for 127.0.0.1 at 2012-11-07 12:45:44 -0700
Processing by PostsController#create as HTML
  Parameters: {"utf8"=>"✓", "authenticity_token"=>"JGSBAbfMhTkWtK9zw1dtOdxoPWT9bcNIZauVxtEd3gw=", "post"=>{"name"=>"Carlos", "title"=>"Prueba tags", "content"=>"Con este post se prueban a ver si funcionan las tags", "tags_attributes"=>{"0"=>{"name"=>"123xmi"}}}, "commit"=>"Create Post"}
Completed 500 Internal Server Error in 1ms

ActiveModel::MassAssignmentSecurity::Error (Can't mass-assign protected attributes: tags_attributes):
  app/controllers/posts_controller.rb:46:in `new'
  app/controllers/posts_controller.rb:46:in `create'


  Rendered /home/chopan/.rvm/gems/ruby-1.9.3-p125/gems/actionpack-3.2.8/lib/action_dispatch/middleware/templates/rescues/_trace.erb (1.2ms)
  Rendered /home/chopan/.rvm/gems/ruby-1.9.3-p125/gems/actionpack-3.2.8/lib/action_dispatch/middleware/templates/rescues/_request_and_response.erb (1.2ms)
  Rendered /home/chopan/.rvm/gems/ruby-1.9.3-p125/gems/actionpack-3.2.8/lib/action_dispatch/middleware/templates/rescues/diagnostics.erb within rescues/layout (9.2ms)


Started POST "/posts" for 127.0.0.1 at 2012-11-07 12:47:13 -0700
Processing by PostsController#create as HTML
  Parameters: {"utf8"=>"✓", "authenticity_token"=>"JGSBAbfMhTkWtK9zw1dtOdxoPWT9bcNIZauVxtEd3gw=", "post"=>{"name"=>"Carlos", "title"=>"Prueba tags", "content"=>"Con este post se prueban a ver si funcionan las tags", "tags_attributes"=>{"0"=>{"name"=>"123xmi"}}}, "commit"=>"Create Post"}
  [1m[35m (0.0ms)[0m  begin transaction
  [1m[36mSQL (0.3ms)[0m  [1mINSERT INTO "posts" ("content", "created_at", "name", "title", "updated_at") VALUES (?, ?, ?, ?, ?)[0m  [["content", "Con este post se prueban a ver si funcionan las tags"], ["created_at", Wed, 07 Nov 2012 19:47:13 UTC +00:00], ["name", "Carlos"], ["title", "Prueba tags"], ["updated_at", Wed, 07 Nov 2012 19:47:13 UTC +00:00]]
  [1m[35mSQL (0.2ms)[0m  INSERT INTO "tags" ("created_at", "name", "post_id", "updated_at") VALUES (?, ?, ?, ?)  [["created_at", Wed, 07 Nov 2012 19:47:13 UTC +00:00], ["name", "123xmi"], ["post_id", 2], ["updated_at", Wed, 07 Nov 2012 19:47:13 UTC +00:00]]
  [1m[36m (139.7ms)[0m  [1mcommit transaction[0m
Redirected to http://0.0.0.0:3000/posts/2
Completed 302 Found in 165ms (ActiveRecord: 141.2ms)


Started GET "/posts/2" for 127.0.0.1 at 2012-11-07 12:47:13 -0700
Processing by PostsController#show as HTML
  Parameters: {"id"=>"2"}
  [1m[35mPost Load (0.4ms)[0m  SELECT "posts".* FROM "posts" WHERE "posts"."id" = ? LIMIT 1  [["id", "2"]]
  [1m[36mTag Load (0.3ms)[0m  [1mSELECT "tags".* FROM "tags" WHERE "tags"."post_id" = 2[0m
  [1m[35mComment Load (0.1ms)[0m  SELECT "comments".* FROM "comments" WHERE "comments"."post_id" = 2
  Rendered collection (0.0ms)
  Rendered comments/_form.html.erb (10.3ms)
  Rendered posts/show.html.erb within layouts/application (22.5ms)
Completed 200 OK in 36ms (Views: 32.0ms | ActiveRecord: 1.2ms)


Started GET "/assets/application.css?body=1" for 127.0.0.1 at 2012-11-07 12:47:13 -0700
Served asset /application.css - 304 Not Modified (12ms)


Started GET "/assets/jquery.js?body=1" for 127.0.0.1 at 2012-11-07 12:47:13 -0700
Served asset /jquery.js - 304 Not Modified (3ms)


Started GET "/assets/comments.css?body=1" for 127.0.0.1 at 2012-11-07 12:47:13 -0700
Served asset /comments.css - 304 Not Modified (3ms)


Started GET "/assets/home.css?body=1" for 127.0.0.1 at 2012-11-07 12:47:13 -0700
Served asset /home.css - 304 Not Modified (3ms)


Started GET "/assets/scaffolds.css?body=1" for 127.0.0.1 at 2012-11-07 12:47:13 -0700
Served asset /scaffolds.css - 304 Not Modified (0ms)


Started GET "/assets/posts.css?body=1" for 127.0.0.1 at 2012-11-07 12:47:13 -0700
Served asset /posts.css - 304 Not Modified (0ms)


Started GET "/assets/jquery_ujs.js?body=1" for 127.0.0.1 at 2012-11-07 12:47:13 -0700
Served asset /jquery_ujs.js - 304 Not Modified (4ms)


Started GET "/assets/comments.js?body=1" for 127.0.0.1 at 2012-11-07 12:47:13 -0700
Served asset /comments.js - 304 Not Modified (0ms)


Started GET "/assets/home.js?body=1" for 127.0.0.1 at 2012-11-07 12:47:13 -0700
Served asset /home.js - 304 Not Modified (0ms)


Started GET "/assets/posts.js?body=1" for 127.0.0.1 at 2012-11-07 12:47:13 -0700
Served asset /posts.js - 304 Not Modified (0ms)


Started GET "/assets/application.js?body=1" for 127.0.0.1 at 2012-11-07 12:47:13 -0700
Served asset /application.js - 304 Not Modified (2ms)


Started GET "/posts" for 127.0.0.1 at 2012-11-07 12:50:06 -0700
Processing by PostsController#index as HTML
  [1m[36mPost Load (0.2ms)[0m  [1mSELECT "posts".* FROM "posts" [0m
  Rendered posts/index.html.erb within layouts/application (4.4ms)
Completed 200 OK in 22ms (Views: 20.3ms | ActiveRecord: 0.2ms)


Started GET "/assets/application.css?body=1" for 127.0.0.1 at 2012-11-07 12:50:06 -0700
Served asset /application.css - 304 Not Modified (1ms)


Started GET "/assets/comments.css?body=1" for 127.0.0.1 at 2012-11-07 12:50:06 -0700
Served asset /comments.css - 304 Not Modified (0ms)


Started GET "/assets/home.css?body=1" for 127.0.0.1 at 2012-11-07 12:50:06 -0700
Served asset /home.css - 304 Not Modified (0ms)


Started GET "/assets/jquery.js?body=1" for 127.0.0.1 at 2012-11-07 12:50:06 -0700
Served asset /jquery.js - 304 Not Modified (5ms)


Started GET "/assets/posts.css?body=1" for 127.0.0.1 at 2012-11-07 12:50:06 -0700
Served asset /posts.css - 304 Not Modified (0ms)


Started GET "/assets/jquery_ujs.js?body=1" for 127.0.0.1 at 2012-11-07 12:50:06 -0700
Served asset /jquery_ujs.js - 304 Not Modified (3ms)


Started GET "/assets/scaffolds.css?body=1" for 127.0.0.1 at 2012-11-07 12:50:06 -0700
Served asset /scaffolds.css - 304 Not Modified (0ms)


Started GET "/assets/comments.js?body=1" for 127.0.0.1 at 2012-11-07 12:50:06 -0700
Served asset /comments.js - 304 Not Modified (0ms)


Started GET "/assets/home.js?body=1" for 127.0.0.1 at 2012-11-07 12:50:06 -0700
Served asset /home.js - 304 Not Modified (0ms)


Started GET "/assets/posts.js?body=1" for 127.0.0.1 at 2012-11-07 12:50:06 -0700
Served asset /posts.js - 304 Not Modified (0ms)


Started GET "/assets/application.js?body=1" for 127.0.0.1 at 2012-11-07 12:50:06 -0700
Served asset /application.js - 304 Not Modified (33ms)


Started GET "/posts/2" for 127.0.0.1 at 2012-11-07 12:50:09 -0700
Processing by PostsController#show as HTML
  Parameters: {"id"=>"2"}
  [1m[35mPost Load (0.2ms)[0m  SELECT "posts".* FROM "posts" WHERE "posts"."id" = ? LIMIT 1  [["id", "2"]]
  [1m[36mTag Load (0.1ms)[0m  [1mSELECT "tags".* FROM "tags" WHERE "tags"."post_id" = 2[0m
  [1m[35mComment Load (0.1ms)[0m  SELECT "comments".* FROM "comments" WHERE "comments"."post_id" = 2
  Rendered collection (0.0ms)
  Rendered comments/_form.html.erb (2.1ms)
  Rendered posts/show.html.erb within layouts/application (4.5ms)
Completed 200 OK in 14ms (Views: 11.6ms | ActiveRecord: 0.5ms)


Started GET "/assets/application.css?body=1" for 127.0.0.1 at 2012-11-07 12:50:09 -0700
Served asset /application.css - 304 Not Modified (5ms)


Started GET "/assets/comments.css?body=1" for 127.0.0.1 at 2012-11-07 12:50:09 -0700
Served asset /comments.css - 304 Not Modified (0ms)


Started GET "/assets/posts.css?body=1" for 127.0.0.1 at 2012-11-07 12:50:09 -0700
Served asset /posts.css - 304 Not Modified (0ms)


Started GET "/assets/home.css?body=1" for 127.0.0.1 at 2012-11-07 12:50:09 -0700
Served asset /home.css - 304 Not Modified (0ms)


Started GET "/assets/scaffolds.css?body=1" for 127.0.0.1 at 2012-11-07 12:50:09 -0700
Served asset /scaffolds.css - 304 Not Modified (0ms)


Started GET "/assets/jquery.js?body=1" for 127.0.0.1 at 2012-11-07 12:50:09 -0700
Served asset /jquery.js - 304 Not Modified (2ms)


Started GET "/assets/jquery_ujs.js?body=1" for 127.0.0.1 at 2012-11-07 12:50:09 -0700
Served asset /jquery_ujs.js - 304 Not Modified (0ms)


Started GET "/assets/comments.js?body=1" for 127.0.0.1 at 2012-11-07 12:50:09 -0700
Served asset /comments.js - 304 Not Modified (0ms)


Started GET "/assets/home.js?body=1" for 127.0.0.1 at 2012-11-07 12:50:09 -0700
Served asset /home.js - 304 Not Modified (0ms)


Started GET "/assets/posts.js?body=1" for 127.0.0.1 at 2012-11-07 12:50:09 -0700
Served asset /posts.js - 304 Not Modified (0ms)


Started GET "/assets/application.js?body=1" for 127.0.0.1 at 2012-11-07 12:50:09 -0700
Served asset /application.js - 304 Not Modified (2ms)


Started GET "/posts/2/edit" for 127.0.0.1 at 2012-11-07 12:50:14 -0700
Processing by PostsController#edit as HTML
  Parameters: {"id"=>"2"}
  [1m[36mPost Load (0.1ms)[0m  [1mSELECT "posts".* FROM "posts" WHERE "posts"."id" = ? LIMIT 1[0m  [["id", "2"]]
  [1m[35mTag Load (0.4ms)[0m  SELECT "tags".* FROM "tags" WHERE "tags"."post_id" = 2
  Rendered tags/_form.html.erb (3.6ms)
  Rendered posts/_form.html.erb (8.1ms)
  Rendered posts/edit.html.erb within layouts/application (9.2ms)
Completed 200 OK in 19ms (Views: 16.9ms | ActiveRecord: 0.5ms)


Started GET "/assets/application.css?body=1" for 127.0.0.1 at 2012-11-07 12:50:14 -0700
Served asset /application.css - 304 Not Modified (14ms)


Started GET "/assets/comments.css?body=1" for 127.0.0.1 at 2012-11-07 12:50:14 -0700
Served asset /comments.css - 304 Not Modified (0ms)


Started GET "/assets/home.css?body=1" for 127.0.0.1 at 2012-11-07 12:50:14 -0700
Served asset /home.css - 304 Not Modified (0ms)


Started GET "/assets/posts.css?body=1" for 127.0.0.1 at 2012-11-07 12:50:14 -0700
Served asset /posts.css - 304 Not Modified (0ms)


Started GET "/assets/jquery.js?body=1" for 127.0.0.1 at 2012-11-07 12:50:14 -0700
Served asset /jquery.js - 304 Not Modified (9ms)


Started GET "/assets/scaffolds.css?body=1" for 127.0.0.1 at 2012-11-07 12:50:14 -0700
Served asset /scaffolds.css - 304 Not Modified (0ms)


Started GET "/assets/jquery_ujs.js?body=1" for 127.0.0.1 at 2012-11-07 12:50:14 -0700
Served asset /jquery_ujs.js - 304 Not Modified (0ms)


Started GET "/assets/comments.js?body=1" for 127.0.0.1 at 2012-11-07 12:50:14 -0700
Served asset /comments.js - 304 Not Modified (0ms)


Started GET "/assets/home.js?body=1" for 127.0.0.1 at 2012-11-07 12:50:14 -0700
Served asset /home.js - 304 Not Modified (0ms)


Started GET "/assets/posts.js?body=1" for 127.0.0.1 at 2012-11-07 12:50:14 -0700
Served asset /posts.js - 304 Not Modified (0ms)


Started GET "/assets/application.js?body=1" for 127.0.0.1 at 2012-11-07 12:50:14 -0700
Served asset /application.js - 304 Not Modified (1ms)


Started PUT "/posts/2" for 127.0.0.1 at 2012-11-07 12:50:27 -0700
Processing by PostsController#update as HTML
  Parameters: {"utf8"=>"✓", "authenticity_token"=>"JGSBAbfMhTkWtK9zw1dtOdxoPWT9bcNIZauVxtEd3gw=", "post"=>{"name"=>"Carlos", "title"=>"Prueba tags", "content"=>"Con este post se prueban a ver si funcionan las tags", "tags_attributes"=>{"0"=>{"name"=>"123xmi", "_destroy"=>"0", "id"=>"1"}, "1"=>{"name"=>"perro, gato, pajaro"}}}, "commit"=>"Update Post", "id"=>"2"}
  [1m[36mPost Load (0.3ms)[0m  [1mSELECT "posts".* FROM "posts" WHERE "posts"."id" = ? LIMIT 1[0m  [["id", "2"]]
  [1m[35m (0.1ms)[0m  begin transaction
  [1m[36mTag Load (0.4ms)[0m  [1mSELECT "tags".* FROM "tags" WHERE "tags"."post_id" = 2 AND "tags"."id" IN (1)[0m
  [1m[35mSQL (0.6ms)[0m  INSERT INTO "tags" ("created_at", "name", "post_id", "updated_at") VALUES (?, ?, ?, ?)  [["created_at", Wed, 07 Nov 2012 19:50:27 UTC +00:00], ["name", "perro, gato, pajaro"], ["post_id", 2], ["updated_at", Wed, 07 Nov 2012 19:50:27 UTC +00:00]]
  [1m[36m (214.4ms)[0m  [1mcommit transaction[0m
Redirected to http://0.0.0.0:3000/posts/2
Completed 302 Found in 258ms (ActiveRecord: 215.7ms)


Started GET "/posts/2" for 127.0.0.1 at 2012-11-07 12:50:27 -0700
Processing by PostsController#show as HTML
  Parameters: {"id"=>"2"}
  [1m[35mPost Load (0.2ms)[0m  SELECT "posts".* FROM "posts" WHERE "posts"."id" = ? LIMIT 1  [["id", "2"]]
  [1m[36mTag Load (0.3ms)[0m  [1mSELECT "tags".* FROM "tags" WHERE "tags"."post_id" = 2[0m
  [1m[35mComment Load (0.1ms)[0m  SELECT "comments".* FROM "comments" WHERE "comments"."post_id" = 2
  Rendered collection (0.0ms)
  Rendered comments/_form.html.erb (2.0ms)
  Rendered posts/show.html.erb within layouts/application (6.1ms)
Completed 200 OK in 17ms (Views: 14.6ms | ActiveRecord: 0.6ms)


Started GET "/assets/application.css?body=1" for 127.0.0.1 at 2012-11-07 12:50:28 -0700
Served asset /application.css - 304 Not Modified (9ms)


Started GET "/assets/home.css?body=1" for 127.0.0.1 at 2012-11-07 12:50:28 -0700
Served asset /home.css - 304 Not Modified (0ms)


Started GET "/assets/scaffolds.css?body=1" for 127.0.0.1 at 2012-11-07 12:50:28 -0700
Served asset /scaffolds.css - 304 Not Modified (3ms)


Started GET "/assets/comments.css?body=1" for 127.0.0.1 at 2012-11-07 12:50:28 -0700
Served asset /comments.css - 304 Not Modified (2ms)


Started GET "/assets/posts.css?body=1" for 127.0.0.1 at 2012-11-07 12:50:28 -0700
Served asset /posts.css - 304 Not Modified (1ms)


Started GET "/assets/jquery.js?body=1" for 127.0.0.1 at 2012-11-07 12:50:28 -0700
Served asset /jquery.js - 304 Not Modified (38ms)


Started GET "/assets/jquery_ujs.js?body=1" for 127.0.0.1 at 2012-11-07 12:50:28 -0700
Served asset /jquery_ujs.js - 304 Not Modified (0ms)


Started GET "/assets/comments.js?body=1" for 127.0.0.1 at 2012-11-07 12:50:28 -0700
Served asset /comments.js - 304 Not Modified (0ms)


Started GET "/assets/home.js?body=1" for 127.0.0.1 at 2012-11-07 12:50:28 -0700
Served asset /home.js - 304 Not Modified (0ms)


Started GET "/assets/posts.js?body=1" for 127.0.0.1 at 2012-11-07 12:50:28 -0700
Served asset /posts.js - 304 Not Modified (0ms)


Started GET "/assets/application.js?body=1" for 127.0.0.1 at 2012-11-07 12:50:28 -0700
Served asset /application.js - 304 Not Modified (2ms)


Started GET "/posts/2/edit" for 127.0.0.1 at 2012-11-07 12:50:34 -0700
Processing by PostsController#edit as HTML
  Parameters: {"id"=>"2"}
  [1m[36mPost Load (0.2ms)[0m  [1mSELECT "posts".* FROM "posts" WHERE "posts"."id" = ? LIMIT 1[0m  [["id", "2"]]
  [1m[35mTag Load (0.7ms)[0m  SELECT "tags".* FROM "tags" WHERE "tags"."post_id" = 2
  Rendered tags/_form.html.erb (3.3ms)
  Rendered posts/_form.html.erb (9.8ms)
  Rendered posts/edit.html.erb within layouts/application (10.8ms)
Completed 200 OK in 20ms (Views: 18.6ms | ActiveRecord: 0.9ms)


Started GET "/assets/application.css?body=1" for 127.0.0.1 at 2012-11-07 12:50:34 -0700
Served asset /application.css - 304 Not Modified (12ms)


Started GET "/assets/scaffolds.css?body=1" for 127.0.0.1 at 2012-11-07 12:50:34 -0700
Served asset /scaffolds.css - 304 Not Modified (0ms)


Started GET "/assets/home.css?body=1" for 127.0.0.1 at 2012-11-07 12:50:34 -0700
Served asset /home.css - 304 Not Modified (0ms)


Started GET "/assets/jquery.js?body=1" for 127.0.0.1 at 2012-11-07 12:50:34 -0700
Served asset /jquery.js - 304 Not Modified (5ms)


Started GET "/assets/posts.css?body=1" for 127.0.0.1 at 2012-11-07 12:50:34 -0700
Served asset /posts.css - 304 Not Modified (0ms)


Started GET "/assets/comments.css?body=1" for 127.0.0.1 at 2012-11-07 12:50:34 -0700
Served asset /comments.css - 304 Not Modified (0ms)


Started GET "/assets/jquery_ujs.js?body=1" for 127.0.0.1 at 2012-11-07 12:50:34 -0700
Served asset /jquery_ujs.js - 304 Not Modified (0ms)


Started GET "/assets/comments.js?body=1" for 127.0.0.1 at 2012-11-07 12:50:34 -0700
Served asset /comments.js - 304 Not Modified (0ms)


Started GET "/assets/home.js?body=1" for 127.0.0.1 at 2012-11-07 12:50:34 -0700
Served asset /home.js - 304 Not Modified (0ms)


Started GET "/assets/posts.js?body=1" for 127.0.0.1 at 2012-11-07 12:50:34 -0700
Served asset /posts.js - 304 Not Modified (0ms)


Started GET "/assets/application.js?body=1" for 127.0.0.1 at 2012-11-07 12:50:34 -0700
Served asset /application.js - 304 Not Modified (2ms)


Started PUT "/posts/2" for 127.0.0.1 at 2012-11-07 12:50:50 -0700
Processing by PostsController#update as HTML
  Parameters: {"utf8"=>"✓", "authenticity_token"=>"JGSBAbfMhTkWtK9zw1dtOdxoPWT9bcNIZauVxtEd3gw=", "post"=>{"name"=>"Carlos", "title"=>"Prueba tags", "content"=>"Con este post se prueban a ver si funcionan las tags", "tags_attributes"=>{"0"=>{"name"=>"123xmi", "_destroy"=>"0", "id"=>"1"}, "1"=>{"name"=>"perro, gato, pajaro", "_destroy"=>"0", "id"=>"2"}, "2"=>{"name"=>"perro"}}}, "commit"=>"Update Post", "id"=>"2"}
  [1m[36mPost Load (0.1ms)[0m  [1mSELECT "posts".* FROM "posts" WHERE "posts"."id" = ? LIMIT 1[0m  [["id", "2"]]
  [1m[35m (0.1ms)[0m  begin transaction
  [1m[36mTag Load (0.2ms)[0m  [1mSELECT "tags".* FROM "tags" WHERE "tags"."post_id" = 2 AND "tags"."id" IN (1, 2)[0m
  [1m[35mSQL (0.3ms)[0m  INSERT INTO "tags" ("created_at", "name", "post_id", "updated_at") VALUES (?, ?, ?, ?)  [["created_at", Wed, 07 Nov 2012 19:50:50 UTC +00:00], ["name", "perro"], ["post_id", 2], ["updated_at", Wed, 07 Nov 2012 19:50:50 UTC +00:00]]
  [1m[36m (209.6ms)[0m  [1mcommit transaction[0m
Redirected to http://0.0.0.0:3000/posts/2
Completed 302 Found in 216ms (ActiveRecord: 210.2ms)


Started GET "/posts/2" for 127.0.0.1 at 2012-11-07 12:50:50 -0700
Processing by PostsController#show as HTML
  Parameters: {"id"=>"2"}
  [1m[35mPost Load (0.2ms)[0m  SELECT "posts".* FROM "posts" WHERE "posts"."id" = ? LIMIT 1  [["id", "2"]]
  [1m[36mTag Load (0.3ms)[0m  [1mSELECT "tags".* FROM "tags" WHERE "tags"."post_id" = 2[0m
  [1m[35mComment Load (0.1ms)[0m  SELECT "comments".* FROM "comments" WHERE "comments"."post_id" = 2
  Rendered collection (0.0ms)
  Rendered comments/_form.html.erb (1.9ms)
  Rendered posts/show.html.erb within layouts/application (5.5ms)
Completed 200 OK in 16ms (Views: 13.8ms | ActiveRecord: 0.6ms)


Started GET "/assets/application.css?body=1" for 127.0.0.1 at 2012-11-07 12:50:50 -0700
Served asset /application.css - 304 Not Modified (6ms)


Started GET "/assets/home.css?body=1" for 127.0.0.1 at 2012-11-07 12:50:50 -0700
Served asset /home.css - 304 Not Modified (1ms)


Started GET "/assets/comments.css?body=1" for 127.0.0.1 at 2012-11-07 12:50:50 -0700
Served asset /comments.css - 304 Not Modified (0ms)


Started GET "/assets/posts.css?body=1" for 127.0.0.1 at 2012-11-07 12:50:50 -0700
Served asset /posts.css - 304 Not Modified (0ms)


Started GET "/assets/jquery.js?body=1" for 127.0.0.1 at 2012-11-07 12:50:50 -0700
Served asset /jquery.js - 304 Not Modified (2ms)


Started GET "/assets/scaffolds.css?body=1" for 127.0.0.1 at 2012-11-07 12:50:50 -0700
Served asset /scaffolds.css - 304 Not Modified (0ms)


Started GET "/assets/jquery_ujs.js?body=1" for 127.0.0.1 at 2012-11-07 12:50:50 -0700
Served asset /jquery_ujs.js - 304 Not Modified (0ms)


Started GET "/assets/comments.js?body=1" for 127.0.0.1 at 2012-11-07 12:50:50 -0700
Served asset /comments.js - 304 Not Modified (0ms)


Started GET "/assets/home.js?body=1" for 127.0.0.1 at 2012-11-07 12:50:50 -0700
Served asset /home.js - 304 Not Modified (0ms)


Started GET "/assets/posts.js?body=1" for 127.0.0.1 at 2012-11-07 12:50:50 -0700
Served asset /posts.js - 304 Not Modified (0ms)


Started GET "/assets/application.js?body=1" for 127.0.0.1 at 2012-11-07 12:50:50 -0700
Served asset /application.js - 304 Not Modified (2ms)


Started GET "/tags" for 127.0.0.1 at 2012-11-07 12:51:02 -0700

ActionController::RoutingError (No route matches [GET] "/tags"):
  actionpack (3.2.8) lib/action_dispatch/middleware/debug_exceptions.rb:21:in `call'
  actionpack (3.2.8) lib/action_dispatch/middleware/show_exceptions.rb:56:in `call'
  railties (3.2.8) lib/rails/rack/logger.rb:26:in `call_app'
  railties (3.2.8) lib/rails/rack/logger.rb:16:in `call'
  actionpack (3.2.8) lib/action_dispatch/middleware/request_id.rb:22:in `call'
  rack (1.4.1) lib/rack/methodoverride.rb:21:in `call'
  rack (1.4.1) lib/rack/runtime.rb:17:in `call'
  activesupport (3.2.8) lib/active_support/cache/strategy/local_cache.rb:72:in `call'
  rack (1.4.1) lib/rack/lock.rb:15:in `call'
  actionpack (3.2.8) lib/action_dispatch/middleware/static.rb:62:in `call'
  railties (3.2.8) lib/rails/engine.rb:479:in `call'
  railties (3.2.8) lib/rails/application.rb:223:in `call'
  rack (1.4.1) lib/rack/content_length.rb:14:in `call'
  railties (3.2.8) lib/rails/rack/log_tailer.rb:17:in `call'
  rack (1.4.1) lib/rack/handler/webrick.rb:59:in `service'
  /home/chopan/.rvm/rubies/ruby-1.9.3-p125/lib/ruby/1.9.1/webrick/httpserver.rb:138:in `service'
  /home/chopan/.rvm/rubies/ruby-1.9.3-p125/lib/ruby/1.9.1/webrick/httpserver.rb:94:in `run'
  /home/chopan/.rvm/rubies/ruby-1.9.3-p125/lib/ruby/1.9.1/webrick/server.rb:191:in `block in start_thread'


  Rendered /home/chopan/.rvm/gems/ruby-1.9.3-p125/gems/actionpack-3.2.8/lib/action_dispatch/middleware/templates/rescues/routing_error.erb within rescues/layout (0.8ms)


Started GET "/posts" for 127.0.0.1 at 2012-11-07 12:51:09 -0700
Processing by PostsController#index as HTML
  [1m[36mPost Load (0.2ms)[0m  [1mSELECT "posts".* FROM "posts" [0m
  Rendered posts/index.html.erb within layouts/application (4.5ms)
Completed 200 OK in 16ms (Views: 14.7ms | ActiveRecord: 0.2ms)


Started GET "/assets/application.css?body=1" for 127.0.0.1 at 2012-11-07 12:51:09 -0700
Served asset /application.css - 304 Not Modified (7ms)


Started GET "/assets/home.css?body=1" for 127.0.0.1 at 2012-11-07 12:51:09 -0700
Served asset /home.css - 304 Not Modified (0ms)


Started GET "/assets/scaffolds.css?body=1" for 127.0.0.1 at 2012-11-07 12:51:09 -0700
Served asset /scaffolds.css - 304 Not Modified (0ms)


Started GET "/assets/posts.css?body=1" for 127.0.0.1 at 2012-11-07 12:51:09 -0700
Served asset /posts.css - 304 Not Modified (0ms)


Started GET "/assets/comments.css?body=1" for 127.0.0.1 at 2012-11-07 12:51:09 -0700
Served asset /comments.css - 304 Not Modified (1ms)


Started GET "/assets/jquery.js?body=1" for 127.0.0.1 at 2012-11-07 12:51:09 -0700
Served asset /jquery.js - 304 Not Modified (3ms)


Started GET "/assets/jquery_ujs.js?body=1" for 127.0.0.1 at 2012-11-07 12:51:09 -0700
Served asset /jquery_ujs.js - 304 Not Modified (0ms)


Started GET "/assets/comments.js?body=1" for 127.0.0.1 at 2012-11-07 12:51:09 -0700
Served asset /comments.js - 304 Not Modified (0ms)


Started GET "/assets/home.js?body=1" for 127.0.0.1 at 2012-11-07 12:51:09 -0700
Served asset /home.js - 304 Not Modified (0ms)


Started GET "/assets/posts.js?body=1" for 127.0.0.1 at 2012-11-07 12:51:09 -0700
Served asset /posts.js - 304 Not Modified (0ms)


Started GET "/assets/application.js?body=1" for 127.0.0.1 at 2012-11-07 12:51:09 -0700
Served asset /application.js - 304 Not Modified (34ms)


Started GET "/posts/2" for 127.0.0.1 at 2012-11-07 12:51:11 -0700
Processing by PostsController#show as HTML
  Parameters: {"id"=>"2"}
  [1m[35mPost Load (0.1ms)[0m  SELECT "posts".* FROM "posts" WHERE "posts"."id" = ? LIMIT 1  [["id", "2"]]
  [1m[36mTag Load (0.3ms)[0m  [1mSELECT "tags".* FROM "tags" WHERE "tags"."post_id" = 2[0m
  [1m[35mComment Load (0.2ms)[0m  SELECT "comments".* FROM "comments" WHERE "comments"."post_id" = 2
  Rendered collection (0.0ms)
  Rendered comments/_form.html.erb (2.8ms)
  Rendered posts/show.html.erb within layouts/application (8.2ms)
Completed 200 OK in 18ms (Views: 16.0ms | ActiveRecord: 0.7ms)


Started GET "/assets/application.css?body=1" for 127.0.0.1 at 2012-11-07 12:51:11 -0700
Served asset /application.css - 304 Not Modified (3ms)


Started GET "/assets/comments.css?body=1" for 127.0.0.1 at 2012-11-07 12:51:11 -0700
Served asset /comments.css - 304 Not Modified (9ms)


Started GET "/assets/home.css?body=1" for 127.0.0.1 at 2012-11-07 12:51:11 -0700
Served asset /home.css - 304 Not Modified (3ms)


Started GET "/assets/posts.css?body=1" for 127.0.0.1 at 2012-11-07 12:51:11 -0700
Served asset /posts.css - 304 Not Modified (0ms)


Started GET "/assets/jquery.js?body=1" for 127.0.0.1 at 2012-11-07 12:51:11 -0700
Served asset /jquery.js - 304 Not Modified (3ms)


Started GET "/assets/scaffolds.css?body=1" for 127.0.0.1 at 2012-11-07 12:51:11 -0700
Served asset /scaffolds.css - 304 Not Modified (0ms)


Started GET "/assets/jquery_ujs.js?body=1" for 127.0.0.1 at 2012-11-07 12:51:11 -0700
Served asset /jquery_ujs.js - 304 Not Modified (0ms)


Started GET "/assets/comments.js?body=1" for 127.0.0.1 at 2012-11-07 12:51:11 -0700
Served asset /comments.js - 304 Not Modified (0ms)


Started GET "/assets/home.js?body=1" for 127.0.0.1 at 2012-11-07 12:51:11 -0700
Served asset /home.js - 304 Not Modified (0ms)


Started GET "/assets/posts.js?body=1" for 127.0.0.1 at 2012-11-07 12:51:11 -0700
Served asset /posts.js - 304 Not Modified (0ms)


Started GET "/assets/application.js?body=1" for 127.0.0.1 at 2012-11-07 12:51:11 -0700
Served asset /application.js - 304 Not Modified (2ms)


Started GET "/posts/2/edit" for 127.0.0.1 at 2012-11-07 12:51:16 -0700
Processing by PostsController#edit as HTML
  Parameters: {"id"=>"2"}
  [1m[36mPost Load (0.1ms)[0m  [1mSELECT "posts".* FROM "posts" WHERE "posts"."id" = ? LIMIT 1[0m  [["id", "2"]]
  [1m[35mTag Load (0.3ms)[0m  SELECT "tags".* FROM "tags" WHERE "tags"."post_id" = 2
  Rendered tags/_form.html.erb (7.3ms)
  Rendered posts/_form.html.erb (14.0ms)
  Rendered posts/edit.html.erb within layouts/application (16.1ms)
Completed 200 OK in 28ms (Views: 26.6ms | ActiveRecord: 0.4ms)


Started GET "/assets/application.css?body=1" for 127.0.0.1 at 2012-11-07 12:51:16 -0700
Served asset /application.css - 304 Not Modified (11ms)


Started GET "/assets/jquery.js?body=1" for 127.0.0.1 at 2012-11-07 12:51:16 -0700
Served asset /jquery.js - 304 Not Modified (1ms)


Started GET "/assets/scaffolds.css?body=1" for 127.0.0.1 at 2012-11-07 12:51:16 -0700
Served asset /scaffolds.css - 304 Not Modified (0ms)


Started GET "/assets/home.css?body=1" for 127.0.0.1 at 2012-11-07 12:51:16 -0700
Served asset /home.css - 304 Not Modified (0ms)


Started GET "/assets/comments.css?body=1" for 127.0.0.1 at 2012-11-07 12:51:16 -0700
Served asset /comments.css - 304 Not Modified (0ms)


Started GET "/assets/posts.css?body=1" for 127.0.0.1 at 2012-11-07 12:51:16 -0700
Served asset /posts.css - 304 Not Modified (0ms)


Started GET "/assets/jquery_ujs.js?body=1" for 127.0.0.1 at 2012-11-07 12:51:16 -0700
Served asset /jquery_ujs.js - 304 Not Modified (0ms)


Started GET "/assets/comments.js?body=1" for 127.0.0.1 at 2012-11-07 12:51:16 -0700
Served asset /comments.js - 304 Not Modified (0ms)


Started GET "/assets/home.js?body=1" for 127.0.0.1 at 2012-11-07 12:51:16 -0700
Served asset /home.js - 304 Not Modified (0ms)


Started GET "/assets/posts.js?body=1" for 127.0.0.1 at 2012-11-07 12:51:16 -0700
Served asset /posts.js - 304 Not Modified (0ms)


Started GET "/assets/application.js?body=1" for 127.0.0.1 at 2012-11-07 12:51:16 -0700
Served asset /application.js - 304 Not Modified (2ms)


Started PUT "/posts/2" for 127.0.0.1 at 2012-11-07 12:51:19 -0700
Processing by PostsController#update as HTML
  Parameters: {"utf8"=>"✓", "authenticity_token"=>"JGSBAbfMhTkWtK9zw1dtOdxoPWT9bcNIZauVxtEd3gw=", "post"=>{"name"=>"Carlos", "title"=>"Prueba tags", "content"=>"Con este post se prueban a ver si funcionan las tags", "tags_attributes"=>{"0"=>{"name"=>"123xmi", "_destroy"=>"0", "id"=>"1"}, "1"=>{"name"=>"perro, gato, pajaro", "_destroy"=>"1", "id"=>"2"}, "2"=>{"name"=>"perro", "_destroy"=>"0", "id"=>"3"}, "3"=>{"name"=>""}}}, "commit"=>"Update Post", "id"=>"2"}
  [1m[36mPost Load (0.2ms)[0m  [1mSELECT "posts".* FROM "posts" WHERE "posts"."id" = ? LIMIT 1[0m  [["id", "2"]]
  [1m[35m (0.1ms)[0m  begin transaction
  [1m[36mTag Load (0.4ms)[0m  [1mSELECT "tags".* FROM "tags" WHERE "tags"."post_id" = 2 AND "tags"."id" IN (1, 2, 3)[0m
  [1m[35mSQL (0.2ms)[0m  DELETE FROM "tags" WHERE "tags"."id" = ?  [["id", 2]]
  [1m[36m (231.7ms)[0m  [1mcommit transaction[0m
Redirected to http://0.0.0.0:3000/posts/2
Completed 302 Found in 241ms (ActiveRecord: 232.5ms)


Started GET "/posts/2" for 127.0.0.1 at 2012-11-07 12:51:19 -0700
Processing by PostsController#show as HTML
  Parameters: {"id"=>"2"}
  [1m[35mPost Load (0.2ms)[0m  SELECT "posts".* FROM "posts" WHERE "posts"."id" = ? LIMIT 1  [["id", "2"]]
  [1m[36mTag Load (0.3ms)[0m  [1mSELECT "tags".* FROM "tags" WHERE "tags"."post_id" = 2[0m
  [1m[35mComment Load (0.2ms)[0m  SELECT "comments".* FROM "comments" WHERE "comments"."post_id" = 2
  Rendered collection (0.0ms)
  Rendered comments/_form.html.erb (2.0ms)
  Rendered posts/show.html.erb within layouts/application (6.7ms)
Completed 200 OK in 18ms (Views: 15.7ms | ActiveRecord: 0.8ms)


Started GET "/assets/application.css?body=1" for 127.0.0.1 at 2012-11-07 12:51:19 -0700
Served asset /application.css - 304 Not Modified (6ms)


Started GET "/assets/comments.css?body=1" for 127.0.0.1 at 2012-11-07 12:51:19 -0700
Served asset /comments.css - 304 Not Modified (0ms)


Started GET "/assets/home.css?body=1" for 127.0.0.1 at 2012-11-07 12:51:19 -0700
Served asset /home.css - 304 Not Modified (0ms)


Started GET "/assets/jquery.js?body=1" for 127.0.0.1 at 2012-11-07 12:51:19 -0700
Served asset /jquery.js - 304 Not Modified (2ms)


Started GET "/assets/posts.css?body=1" for 127.0.0.1 at 2012-11-07 12:51:19 -0700
Served asset /posts.css - 304 Not Modified (0ms)


Started GET "/assets/scaffolds.css?body=1" for 127.0.0.1 at 2012-11-07 12:51:19 -0700
Served asset /scaffolds.css - 304 Not Modified (0ms)


Started GET "/assets/jquery_ujs.js?body=1" for 127.0.0.1 at 2012-11-07 12:51:19 -0700
Served asset /jquery_ujs.js - 304 Not Modified (1ms)


Started GET "/assets/comments.js?body=1" for 127.0.0.1 at 2012-11-07 12:51:19 -0700
Served asset /comments.js - 304 Not Modified (0ms)


Started GET "/assets/home.js?body=1" for 127.0.0.1 at 2012-11-07 12:51:19 -0700
Served asset /home.js - 304 Not Modified (0ms)


Started GET "/assets/posts.js?body=1" for 127.0.0.1 at 2012-11-07 12:51:19 -0700
Served asset /posts.js - 304 Not Modified (0ms)


Started GET "/assets/application.js?body=1" for 127.0.0.1 at 2012-11-07 12:51:19 -0700
Served asset /application.js - 304 Not Modified (2ms)


Started GET "/posts/2/edit" for 127.0.0.1 at 2012-11-07 12:51:26 -0700
Processing by PostsController#edit as HTML
  Parameters: {"id"=>"2"}
  [1m[36mPost Load (0.1ms)[0m  [1mSELECT "posts".* FROM "posts" WHERE "posts"."id" = ? LIMIT 1[0m  [["id", "2"]]
  [1m[35mTag Load (0.1ms)[0m  SELECT "tags".* FROM "tags" WHERE "tags"."post_id" = 2
  Rendered tags/_form.html.erb (4.6ms)
  Rendered posts/_form.html.erb (9.2ms)
  Rendered posts/edit.html.erb within layouts/application (10.9ms)
Completed 200 OK in 47ms (Views: 46.2ms | ActiveRecord: 0.3ms)


Started GET "/assets/application.css?body=1" for 127.0.0.1 at 2012-11-07 12:51:26 -0700
Served asset /application.css - 304 Not Modified (17ms)


Started GET "/assets/posts.css?body=1" for 127.0.0.1 at 2012-11-07 12:51:26 -0700
Served asset /posts.css - 304 Not Modified (0ms)


Started GET "/assets/scaffolds.css?body=1" for 127.0.0.1 at 2012-11-07 12:51:26 -0700
Served asset /scaffolds.css - 304 Not Modified (0ms)


Started GET "/assets/comments.css?body=1" for 127.0.0.1 at 2012-11-07 12:51:26 -0700
Served asset /comments.css - 304 Not Modified (0ms)


Started GET "/assets/jquery.js?body=1" for 127.0.0.1 at 2012-11-07 12:51:26 -0700
Served asset /jquery.js - 304 Not Modified (5ms)


Started GET "/assets/home.css?body=1" for 127.0.0.1 at 2012-11-07 12:51:26 -0700
Served asset /home.css - 304 Not Modified (0ms)


Started GET "/assets/jquery_ujs.js?body=1" for 127.0.0.1 at 2012-11-07 12:51:26 -0700
Served asset /jquery_ujs.js - 304 Not Modified (0ms)


Started GET "/assets/comments.js?body=1" for 127.0.0.1 at 2012-11-07 12:51:26 -0700
Served asset /comments.js - 304 Not Modified (0ms)


Started GET "/assets/home.js?body=1" for 127.0.0.1 at 2012-11-07 12:51:26 -0700
Served asset /home.js - 304 Not Modified (0ms)


Started GET "/assets/posts.js?body=1" for 127.0.0.1 at 2012-11-07 12:51:26 -0700
Served asset /posts.js - 304 Not Modified (0ms)


Started GET "/assets/application.js?body=1" for 127.0.0.1 at 2012-11-07 12:51:26 -0700
Served asset /application.js - 304 Not Modified (2ms)


Started PUT "/posts/2" for 127.0.0.1 at 2012-11-07 12:51:38 -0700
Processing by PostsController#update as HTML
  Parameters: {"utf8"=>"✓", "authenticity_token"=>"JGSBAbfMhTkWtK9zw1dtOdxoPWT9bcNIZauVxtEd3gw=", "post"=>{"name"=>"Carlos", "title"=>"Prueba tags", "content"=>"Con este post se prueban a ver si funcionan las tags", "tags_attributes"=>{"0"=>{"name"=>"123xmi", "_destroy"=>"0", "id"=>"1"}, "1"=>{"name"=>"prueba", "_destroy"=>"0", "id"=>"3"}, "2"=>{"name"=>""}}}, "commit"=>"Update Post", "id"=>"2"}
  [1m[36mPost Load (0.2ms)[0m  [1mSELECT "posts".* FROM "posts" WHERE "posts"."id" = ? LIMIT 1[0m  [["id", "2"]]
  [1m[35m (0.1ms)[0m  begin transaction
  [1m[36mTag Load (0.2ms)[0m  [1mSELECT "tags".* FROM "tags" WHERE "tags"."post_id" = 2 AND "tags"."id" IN (1, 3)[0m
  [1m[35m (0.2ms)[0m  UPDATE "tags" SET "name" = 'prueba', "updated_at" = '2012-11-07 19:51:38.469651' WHERE "tags"."id" = 3
  [1m[36m (250.6ms)[0m  [1mcommit transaction[0m
Redirected to http://0.0.0.0:3000/posts/2
Completed 302 Found in 260ms (ActiveRecord: 251.3ms)


Started GET "/posts/2" for 127.0.0.1 at 2012-11-07 12:51:38 -0700
Processing by PostsController#show as HTML
  Parameters: {"id"=>"2"}
  [1m[35mPost Load (0.2ms)[0m  SELECT "posts".* FROM "posts" WHERE "posts"."id" = ? LIMIT 1  [["id", "2"]]
  [1m[36mTag Load (0.3ms)[0m  [1mSELECT "tags".* FROM "tags" WHERE "tags"."post_id" = 2[0m
  [1m[35mComment Load (0.2ms)[0m  SELECT "comments".* FROM "comments" WHERE "comments"."post_id" = 2
  Rendered collection (0.0ms)
  Rendered comments/_form.html.erb (2.4ms)
  Rendered posts/show.html.erb within layouts/application (6.9ms)
Completed 200 OK in 18ms (Views: 15.3ms | ActiveRecord: 0.7ms)


Started GET "/assets/application.css?body=1" for 127.0.0.1 at 2012-11-07 12:51:38 -0700
Served asset /application.css - 304 Not Modified (3ms)


Started GET "/assets/comments.css?body=1" for 127.0.0.1 at 2012-11-07 12:51:38 -0700
Served asset /comments.css - 304 Not Modified (0ms)


Started GET "/assets/home.css?body=1" for 127.0.0.1 at 2012-11-07 12:51:38 -0700
Served asset /home.css - 304 Not Modified (0ms)


Started GET "/assets/posts.css?body=1" for 127.0.0.1 at 2012-11-07 12:51:38 -0700
Served asset /posts.css - 304 Not Modified (0ms)


Started GET "/assets/jquery.js?body=1" for 127.0.0.1 at 2012-11-07 12:51:38 -0700
Served asset /jquery.js - 304 Not Modified (2ms)


Started GET "/assets/scaffolds.css?body=1" for 127.0.0.1 at 2012-11-07 12:51:38 -0700
Served asset /scaffolds.css - 304 Not Modified (0ms)


Started GET "/assets/jquery_ujs.js?body=1" for 127.0.0.1 at 2012-11-07 12:51:38 -0700
Served asset /jquery_ujs.js - 304 Not Modified (3ms)


Started GET "/assets/comments.js?body=1" for 127.0.0.1 at 2012-11-07 12:51:38 -0700
Served asset /comments.js - 304 Not Modified (0ms)


Started GET "/assets/home.js?body=1" for 127.0.0.1 at 2012-11-07 12:51:38 -0700
Served asset /home.js - 304 Not Modified (0ms)


Started GET "/assets/posts.js?body=1" for 127.0.0.1 at 2012-11-07 12:51:38 -0700
Served asset /posts.js - 304 Not Modified (0ms)


Started GET "/assets/application.js?body=1" for 127.0.0.1 at 2012-11-07 12:51:38 -0700
Served asset /application.js - 304 Not Modified (2ms)


Started GET "/" for 127.0.0.1 at 2012-11-07 13:46:19 -0700
Connecting to database specified by database.yml
Processing by HomeController#index as HTML
  Rendered home/index.html.erb within layouts/application (18.1ms)
Completed 200 OK in 53ms (Views: 53.1ms | ActiveRecord: 0.0ms)


Started GET "/assets/application.css?body=1" for 127.0.0.1 at 2012-11-07 13:46:20 -0700
Served asset /application.css - 304 Not Modified (16ms)


Started GET "/assets/home.css?body=1" for 127.0.0.1 at 2012-11-07 13:46:20 -0700
Served asset /home.css - 304 Not Modified (4ms)


Started GET "/assets/scaffolds.css?body=1" for 127.0.0.1 at 2012-11-07 13:46:20 -0700
Served asset /scaffolds.css - 304 Not Modified (3ms)


Started GET "/assets/posts.css?body=1" for 127.0.0.1 at 2012-11-07 13:46:20 -0700
Served asset /posts.css - 304 Not Modified (4ms)


Started GET "/assets/comments.css?body=1" for 127.0.0.1 at 2012-11-07 13:46:20 -0700
Served asset /comments.css - 304 Not Modified (3ms)


Started GET "/assets/jquery.js?body=1" for 127.0.0.1 at 2012-11-07 13:46:20 -0700
Served asset /jquery.js - 304 Not Modified (36ms)


Started GET "/assets/jquery_ujs.js?body=1" for 127.0.0.1 at 2012-11-07 13:46:20 -0700
Served asset /jquery_ujs.js - 304 Not Modified (5ms)


Started GET "/assets/comments.js?body=1" for 127.0.0.1 at 2012-11-07 13:46:20 -0700
Served asset /comments.js - 304 Not Modified (2ms)


Started GET "/assets/home.js?body=1" for 127.0.0.1 at 2012-11-07 13:46:20 -0700
Served asset /home.js - 304 Not Modified (1ms)


Started GET "/assets/posts.js?body=1" for 127.0.0.1 at 2012-11-07 13:46:20 -0700
Served asset /posts.js - 304 Not Modified (1ms)


Started GET "/assets/application.js?body=1" for 127.0.0.1 at 2012-11-07 13:46:20 -0700
Served asset /application.js - 304 Not Modified (7ms)


Started GET "/posts" for 127.0.0.1 at 2012-11-07 13:46:21 -0700
Processing by PostsController#index as HTML
  [1m[36mPost Load (0.1ms)[0m  [1mSELECT "posts".* FROM "posts" [0m
  Rendered posts/index.html.erb within layouts/application (3.3ms)
Completed 200 OK in 56ms (Views: 11.1ms | ActiveRecord: 1.6ms)


Started GET "/assets/application.css?body=1" for 127.0.0.1 at 2012-11-07 13:46:21 -0700
Served asset /application.css - 304 Not Modified (10ms)


Started GET "/assets/comments.css?body=1" for 127.0.0.1 at 2012-11-07 13:46:21 -0700
Served asset /comments.css - 304 Not Modified (0ms)


Started GET "/assets/posts.css?body=1" for 127.0.0.1 at 2012-11-07 13:46:21 -0700
Served asset /posts.css - 304 Not Modified (0ms)


Started GET "/assets/home.css?body=1" for 127.0.0.1 at 2012-11-07 13:46:21 -0700
Served asset /home.css - 304 Not Modified (0ms)


Started GET "/assets/scaffolds.css?body=1" for 127.0.0.1 at 2012-11-07 13:46:21 -0700
Served asset /scaffolds.css - 304 Not Modified (0ms)


Started GET "/assets/jquery.js?body=1" for 127.0.0.1 at 2012-11-07 13:46:21 -0700
Served asset /jquery.js - 304 Not Modified (2ms)


Started GET "/assets/jquery_ujs.js?body=1" for 127.0.0.1 at 2012-11-07 13:46:21 -0700
Served asset /jquery_ujs.js - 304 Not Modified (3ms)


Started GET "/assets/comments.js?body=1" for 127.0.0.1 at 2012-11-07 13:46:21 -0700
Served asset /comments.js - 304 Not Modified (0ms)


Started GET "/assets/home.js?body=1" for 127.0.0.1 at 2012-11-07 13:46:21 -0700
Served asset /home.js - 304 Not Modified (0ms)


Started GET "/assets/posts.js?body=1" for 127.0.0.1 at 2012-11-07 13:46:21 -0700
Served asset /posts.js - 304 Not Modified (0ms)


Started GET "/assets/application.js?body=1" for 127.0.0.1 at 2012-11-07 13:46:21 -0700
Served asset /application.js - 304 Not Modified (3ms)
